Log file open, 01/31/18 16:12:23
LogInit:Display: Running engine for game: TopDown
LogPlatformFile: Not using cached read wrapper
LogInit:Display: RandInit(-1384101493) SRandInit(-1384101493).
LogTaskGraph: Started task graph with 5 named threads and 8 total threads with 1 sets of task threads.
LogStats: Stats thread started at 0.134413
LogInit: Using libcurl 7.47.1
LogInit:  - built for x86_64-pc-win32
LogInit:  - supports SSL with OpenSSL/1.0.2g
LogInit:  - supports HTTP deflate (compression) using libz 1.2.8
LogInit:  - other features:
LogInit:      CURL_VERSION_SSL
LogInit:      CURL_VERSION_LIBZ
LogInit:      CURL_VERSION_IPV6
LogInit:      CURL_VERSION_ASYNCHDNS
LogInit:      CURL_VERSION_LARGEFILE
LogInit:      CURL_VERSION_IDN
LogInit:  CurlRequestOptions (configurable via config and command line):
LogInit:  - bVerifyPeer = false  - Libcurl will NOT verify peer certificate
LogInit:  - bUseHttpProxy = false  - Libcurl will NOT use HTTP proxy
LogInit:  - bDontReuseConnections = false  - Libcurl will reuse connections
LogInit:  - CertBundlePath = nullptr  - Libcurl will use whatever was configured at build time.
LogInit: Build: ++UE4+Release-4.16-CL-3466753
LogInit: Engine Version: 4.16.1-3466753+++UE4+Release-4.16
LogInit: Compatible Engine Version: 4.16.0-3452394+++UE4+Release-4.16
LogInit: Net CL: 3452394
LogDevObjectVersion: Number of dev versions registered: 16
LogDevObjectVersion:   Dev-Blueprints (B0D832E4-1F89-4F0D-ACCF-7EB736FD4AA2): 9
LogDevObjectVersion:   Dev-Build (E1C64328-A22C-4D53-A36C-8E866417BD8C): 0
LogDevObjectVersion:   Dev-Core (375EC13C-06E4-48FB-B500-84F0262A717E): 2
LogDevObjectVersion:   Dev-Editor (E4B068ED-F494-42E9-A231-DA0B2E46BB41): 17
LogDevObjectVersion:   Dev-Framework (CFFC743F-43B0-4480-9391-14DF171D2073): 23
LogDevObjectVersion:   Dev-Mobile (B02B49B5-BB20-44E9-A304-32B752E40360): 0
LogDevObjectVersion:   Dev-Networking (A4E4105C-59A1-49B5-A7C5-40C4547EDFEE): 0
LogDevObjectVersion:   Dev-Online (39C831C9-5AE6-47DC-9A44-9C173E1C8E7C): 0
LogDevObjectVersion:   Dev-Physics (78F01B33-EBEA-4F98-B9B4-84EACCB95AA2): 0
LogDevObjectVersion:   Dev-Platform (6631380F-2D4D-43E0-8009-CF276956A95A): 0
LogDevObjectVersion:   Dev-Rendering (12F88B9F-8875-4AFC-A67C-D90C383ABD29): 15
LogDevObjectVersion:   Dev-Sequencer (7B5AE74C-D270-4C10-A958-57980B212A5A): 4
LogDevObjectVersion:   Dev-VR (D7296918-1DD6-4BDD-9DE2-64A83CC13884): 0
LogDevObjectVersion:   Dev-LoadTimes (C2A15278-BFE7-4AFE-6C17-90FF531DF755): 1
LogDevObjectVersion:   Private-Geometry (6EACA3D4-40EC-4CC1-B786-8BED09428FC5): 1
LogDevObjectVersion:   Dev-AnimPhys (29E575DD-E0A3-4627-9D10-D276232CDCEA): 3
LogInit: Compiled (64-bit): May 31 2017 02:03:30
LogInit: Compiled with Visual C++: 19.00.24215.01
LogInit: Build Configuration: Development
LogInit: Branch Name: ++UE4+Release-4.16
LogInit: Command line:  
LogInit: Base directory: C:/Program Files/Epic Games/UE_4.16/Engine/Binaries/Win64/
LogInit: Installed Engine Build: 1
LogInit: Presizing for max 8388607 objects, including 0 objects not considered by GC, pre-allocating 0 bytes for permanent pool.
LogInit: Object subsystem initialized
[2018.01.31-08.12.24:626][  0]LogInit: Selected Device Profile: [Windows]
[2018.01.31-08.12.24:626][  0]LogInit: Applying CVar settings loaded from the selected device profile: [Windows]
[2018.01.31-08.12.24:797][  0]LogInit: Computer: USER-ПК
[2018.01.31-08.12.24:797][  0]LogInit: User: user
[2018.01.31-08.12.24:797][  0]LogInit: CPU Page size=4096, Cores=4
[2018.01.31-08.12.24:797][  0]LogInit: High frequency timer resolution =3.335253 MHz
[2018.01.31-08.12.24:797][  0]LogMemory: Memory total: Physical=6.0GB (6GB approx)
[2018.01.31-08.12.24:797][  0]LogMemory: Platform Memory Stats for Windows
[2018.01.31-08.12.24:797][  0]LogMemory: Process Physical Memory: 273.30 MB used, 273.30 MB peak
[2018.01.31-08.12.24:797][  0]LogMemory: Process Virtual Memory: 268.45 MB used, 268.45 MB peak
[2018.01.31-08.12.24:797][  0]LogMemory: Physical Memory: 2118.35 MB used,  4023.20 MB free, 6141.55 MB total
[2018.01.31-08.12.24:797][  0]LogMemory: Virtual Memory: 625.54 MB used,  4023.20 MB free, 8388608.00 MB total
[2018.01.31-08.12.25:871][  0]LogInit: Using OS detected language (ru-RU).
[2018.01.31-08.12.25:871][  0]LogInit: Using OS detected locale (ru-RU).
[2018.01.31-08.12.26:250][  0]LogTextLocalizationManager: No localization for 'ru-RU' exists, so 'en' will be used for the language.
[2018.01.31-08.12.26:251][  0]LogTextLocalizationManager: No localization for 'ru-RU' exists, so 'en' will be used for the locale.
[2018.01.31-08.12.38:913][  0]LogD3D11RHI: D3D11 adapters:
[2018.01.31-08.12.38:923][  0]LogD3D11RHI:    0. 'AMD Radeon HD 6670' (Feature Level 11_0)
[2018.01.31-08.12.38:923][  0]LogD3D11RHI:       1010/0/2814 MB DedicatedVideo/DedicatedSystem/SharedSystem, Outputs:1, VendorId:0x1002
[2018.01.31-08.12.38:923][  0]LogD3D11RHI: Chosen D3D11 Adapter: 0
[2018.01.31-08.12.38:932][  0]LogD3D11RHI: Creating new Direct3DDevice
[2018.01.31-08.12.38:933][  0]LogD3D11RHI:     GPU DeviceId: 0x6758 (for the marketing name, search the web for "GPU Device Id")
[2018.01.31-08.12.38:933][  0]LogWindows: EnumDisplayDevices:
[2018.01.31-08.12.38:933][  0]LogWindows:    0. 'AMD Radeon HD 6670' (P:1 D:1)
[2018.01.31-08.12.38:933][  0]LogWindows:    1. 'AMD Radeon HD 6670' (P:0 D:0)
[2018.01.31-08.12.38:934][  0]LogWindows:    2. 'RDPDD Chained DD' (P:0 D:0)
[2018.01.31-08.12.38:934][  0]LogWindows:    3. 'RDP Encoder Mirror Driver' (P:0 D:0)
[2018.01.31-08.12.38:934][  0]LogWindows:    4. 'RDP Reflector Display Driver' (P:0 D:0)
[2018.01.31-08.12.38:934][  0]LogWindows: DebugString: GetVideoDriverDetailsInvalid PrimaryIsNotTheChoosenAdapter GetVideoDriverDetailsInvalid PrimaryIsNotTheChoosenAdapter GetVideoDriverDetailsInvalid PrimaryIsNotTheChoosenAdapter FoundDriverCount:2 
[2018.01.31-08.12.38:934][  0]LogD3D11RHI:     Adapter Name: AMD Radeon HD 6670
[2018.01.31-08.12.38:934][  0]LogD3D11RHI:   Driver Version: Crimson 16.2.1 (internal:15.301.1901.0, unified:15.301.1901.0)
[2018.01.31-08.12.38:934][  0]LogD3D11RHI:      Driver Date: 2-26-2016
[2018.01.31-08.12.38:934][  0]LogRHI: Texture pool is 707 MB (70% of 1010 MB)
[2018.01.31-08.12.39:025][  0]LogD3D11RHI: AMD Pre GCN architecture detected, some driver workarounds will be in place
[2018.01.31-08.12.39:032][  0]LogD3D11RHI: Async texture creation enabled
[2018.01.31-08.12.39:384][  0]LogD3D11RHI: GPU Timing Frequency: 27.000000 (Debug: 2 1)
[2018.01.31-08.12.39:457][  0]LogShaderCompilers: Guid format shader working directory is -16 characters bigger than the processId version (../../../../../../Users/user/Desktop/игрули/Game_1337/TopDown/Intermediate/Shaders/WorkingDirectory/5056/).
[2018.01.31-08.12.39:457][  0]LogShaderCompilers: Cleaned the shader compiler working directory 'C:/Users/user/AppData/Local/Temp/UnrealShaderWorkingDir/E958289A48866FEC2584C18AEB357EDA/'.
[2018.01.31-08.12.39:457][  0]LogShaderCompilers:Display: Using Local Shader Compiler.
[2018.01.31-08.12.47:967][  0]LogTemp:Display: Loaded TP AllDesktopTargetPlatform
[2018.01.31-08.12.48:034][  0]LogTemp:Display: Loaded TP MacClientTargetPlatform
[2018.01.31-08.12.48:101][  0]LogTemp:Display: Loaded TP MacNoEditorTargetPlatform
[2018.01.31-08.12.48:169][  0]LogTemp:Display: Loaded TP MacServerTargetPlatform
[2018.01.31-08.12.48:274][  0]LogTemp:Display: Loaded TP MacTargetPlatform
[2018.01.31-08.12.48:342][  0]LogTemp:Display: Loaded TP WindowsClientTargetPlatform
[2018.01.31-08.12.48:409][  0]LogTemp:Display: Loaded TP WindowsNoEditorTargetPlatform
[2018.01.31-08.12.48:476][  0]LogTemp:Display: Loaded TP WindowsServerTargetPlatform
[2018.01.31-08.12.48:549][  0]LogTemp:Display: Loaded TP WindowsTargetPlatform
[2018.01.31-08.12.48:626][  0]LogTemp:Display: Loaded TP AndroidTargetPlatform
[2018.01.31-08.12.48:694][  0]LogTemp:Display: Loaded TP Android_ASTCTargetPlatform
[2018.01.31-08.12.48:760][  0]LogTemp:Display: Loaded TP Android_ATCTargetPlatform
[2018.01.31-08.12.48:826][  0]LogTemp:Display: Loaded TP Android_DXTTargetPlatform
[2018.01.31-08.12.48:893][  0]LogTemp:Display: Loaded TP Android_ETC1TargetPlatform
[2018.01.31-08.12.48:960][  0]LogTemp:Display: Loaded TP Android_ETC2TargetPlatform
[2018.01.31-08.12.49:096][  0]LogTemp:Display: Loaded TP Android_MultiTargetPlatform
[2018.01.31-08.12.49:096][  0]LogTemp:Display: Loaded TP Android_PVRTCTargetPlatform
[2018.01.31-08.12.49:148][  0]LogTemp:Display: Loaded TP HTML5TargetPlatform
[2018.01.31-08.12.49:295][  0]LogTemp:Display: Loaded TP IOSTargetPlatform
[2018.01.31-08.12.49:337][  0]LogTemp:Display: Loaded TP TVOSTargetPlatform
[2018.01.31-08.12.49:403][  0]LogTemp:Display: Loaded TP LinuxClientTargetPlatform
[2018.01.31-08.12.49:469][  0]LogTemp:Display: Loaded TP LinuxNoEditorTargetPlatform
[2018.01.31-08.12.49:536][  0]LogTemp:Display: Loaded TP LinuxServerTargetPlatform
[2018.01.31-08.12.49:674][  0]LogTemp:Display: Loaded TP LinuxTargetPlatform
[2018.01.31-08.12.49:674][  0]LogTargetPlatformManager:Display: Building Assets For Windows
[2018.01.31-08.12.50:926][  0]LogDerivedDataCache:Display: Max Cache Size: 512 MB
[2018.01.31-08.12.52:287][  0]LogDerivedDataCache: Loaded boot cache 1.34s 102MB C:/Users/user/AppData/Local/UnrealEngine/4.16/DerivedDataCache/Boot.ddc.
[2018.01.31-08.12.52:287][  0]LogDerivedDataCache:Display: Loaded Boot cache: C:/Users/user/AppData/Local/UnrealEngine/4.16/DerivedDataCache/Boot.ddc
[2018.01.31-08.12.52:287][  0]LogDerivedDataCache: FDerivedDataBackendGraph:  Pak pak cache file ../../../../../../Users/user/Desktop/игрули/Game_1337/TopDown/DerivedDataCache/DDC.ddp not found, will not use a pak cache.
[2018.01.31-08.12.52:287][  0]LogDerivedDataCache: Unable to find inner node Pak for hierarchical cache Hierarchy.
[2018.01.31-08.12.52:287][  0]LogDerivedDataCache: FDerivedDataBackendGraph:  CompressedPak pak cache file ../../../../../../Users/user/Desktop/игрули/Game_1337/TopDown/DerivedDataCache/Compressed.ddp not found, will not use a pak cache.
[2018.01.31-08.12.52:287][  0]LogDerivedDataCache: Unable to find inner node CompressedPak for hierarchical cache Hierarchy.
[2018.01.31-08.12.52:395][  0]LogDerivedDataCache:Display: Pak cache opened for reading ../../../Engine/DerivedDataCache/Compressed.ddp.
[2018.01.31-08.12.52:407][  0]LogDerivedDataCache: Using Local data cache path C:/Users/user/AppData/Local/UnrealEngine/Common/DerivedDataCache: Writable
[2018.01.31-08.12.52:567][  0]LogMaterial: Verifying Global Shaders for PCD3D_SM5
[2018.01.31-08.12.52:622][  0]LogSlate: Using Freetype 2.6.0
[2018.01.31-08.12.52:721][  0]LogSlate: SlateFontCache - WITH_FREETYPE: 1, WITH_HARFBUZZ: 1
[2018.01.31-08.12.52:721][  0]LogSlate: SlateFontCache - WITH_FREETYPE: 1, WITH_HARFBUZZ: 1
[2018.01.31-08.13.02:149][  0]LogInit: Selected Device Profile: [Windows]
[2018.01.31-08.13.02:203][  0]LogContentStreaming: Texture pool size is 0.00 MB
[2018.01.31-08.13.03:795][  0]LogMeshUtilities: Using QuadricMeshReduction for automatic static mesh reduction
[2018.01.31-08.13.03:935][  0]LogSimplygon: Simplygon DLL not present - disabling.
[2018.01.31-08.13.04:003][  0]LogMeshUtilities: Using SimplygonSwarm for distributed automatic mesh merging
[2018.01.31-08.13.04:003][  0]LogMeshUtilities: No automatic skeletal mesh reduction module available
[2018.01.31-08.13.04:003][  0]LogMeshUtilities: No automatic mesh merging module available
[2018.01.31-08.13.10:799][  0]LogNetVersion: TopDown , NetCL: 3452394, EngineNetVer: 2, GameNetVer: 0 (Checksum: 2471222603)
[2018.01.31-08.13.11:266][  0]LogAssetRegistry: FAssetRegistry took 0.0280 seconds to start up
[2018.01.31-08.13.11:669][  0]LogPackageLocalizationCache: Processed 4 localized package path(s) for 1 prioritized culture(s) in 0.208619 seconds
[2018.01.31-08.13.11:748][  0]LogUObjectArray: 34194 objects as part of root set at end of initial load.
[2018.01.31-08.13.11:748][  0]LogUObjectAllocator: 7260416 out of 0 bytes used by permanent object pool.
[2018.01.31-08.13.11:748][  0]LogUObjectArray: CloseDisregardForGC: 0/0 objects in disregard for GC pool
[2018.01.31-08.13.11:933][  0]LogInit: WinSock: version 1.1 (2.2), MaxSocks=32767, MaxUdp=65467
[2018.01.31-08.13.47:496][  0]LogTcpMessaging: Initializing TcpMessaging bridge
[2018.01.31-08.13.47:548][  0]LogUdpMessaging: Initializing bridge on interface 0.0.0.0:0 to multicast group 230.0.0.1:6666.
[2018.01.31-08.13.49:667][  0]LogMaterial: Uniform references updated for custom material expression Custom.
[2018.01.31-08.13.51:508][  0]SourceControl: Info Source control is disabled
[2018.01.31-08.13.52:038][  0]SourceControl: Info Source control is disabled
[2018.01.31-08.13.52:167][  0]SourceControl: Info Source control is disabled
[2018.01.31-08.13.52:254][  0]SourceControl: Info Source control is disabled
[2018.01.31-08.13.53:876][  0]LogAndroidPermission: UAndroidPermissionCallbackProxy::GetInstance
[2018.01.31-08.13.55:387][  0]LogEngine: Initializing Engine...
[2018.01.31-08.13.55:422][  0]LogHMD: Failed to initialize OpenVR with code 110
[2018.01.31-08.13.57:218][  0]LogStats: UGameplayTagsManager::ConstructGameplayTagTree: Construct from data asset -  0.000 s
[2018.01.31-08.13.57:219][  0]LogStats: UGameplayTagsManager::ConstructGameplayTagTree: GameplayTagTreeChangedEvent.Broadcast -  0.000 s
[2018.01.31-08.13.57:691][  0]LogAIModule: Creating AISystem for world Untitled
[2018.01.31-08.13.57:753][  0]LogInit: XAudio2 using 'Динамики (Realtek High Definition Audio)' : 2 channels at 48 kHz using 32 bits per sample (channel mask 0x3)
[2018.01.31-08.13.57:794][  0]LogInit: FAudioDevice initialized.
[2018.01.31-08.13.57:955][  0]LogDerivedDataCache: Saved boot cache 0.16s 102MB C:/Users/user/AppData/Local/UnrealEngine/4.16/DerivedDataCache/Boot.ddc.
[2018.01.31-08.13.58:008][  0]LogInit: Texture streaming: Enabled
[2018.01.31-08.13.58:210][  0]LogEngineSessionManager: EngineSessionManager initialized
[2018.01.31-08.13.59:251][  0]LogInit: Transaction tracking system initialized
[2018.01.31-08.14.03:823][  0]BlueprintLog: New page: Editor Load
[2018.01.31-08.14.06:125][  0]LocalizationService: Info Localization service is disabled
[2018.01.31-08.14.08:222][  0]LogConsoleResponse:Display: 
[2018.01.31-08.14.16:636][  0]LogFileCache: Scanning file cache for directory 'C:/Users/user/Desktop/игрули/Game_1337/TopDown/Content/' took 0.03s
[2018.01.31-08.14.16:636][  0]LogCook:Display: Max memory allowance for cook 16384mb min free memory 0mb
[2018.01.31-08.14.16:636][  0]LogCook:Display: Mobile HDR setting 1
[2018.01.31-08.14.25:697][  0]SourceControl: Info Source control is disabled
[2018.01.31-08.14.25:985][  0]Cmd: MAP LOAD FILE="../../../../../../Users/user/Desktop/игрули/Game_1337/TopDown/Content/TopDownBP/Maps/TopDownExampleMap.umap" TEMPLATE=0 SHOWPROGRESS=1 FEATURELEVEL=3
[2018.01.31-08.14.26:000][  0]LightingResults: New page: Lighting Build
[2018.01.31-08.14.26:257][  0]MapCheck: New page: Map Check
[2018.01.31-08.14.26:258][  0]LightingResults: New page: Lighting Build
[2018.01.31-08.14.26:808][  0]LogLinker:Warning: Asset '../../../../../../Users/user/Desktop/игрули/Game_1337/TopDown/Content/Mannequin/Animations/ThirdPerson_AnimBP.uasset' has been saved with empty engine version. The asset will be loaded but may be incompatible.
[2018.01.31-08.14.26:922][  0]LogLinker:Warning: Asset '../../../../../../Users/user/Desktop/игрули/Game_1337/TopDown/Content/Mannequin/Animations/ThirdPerson_Jump.uasset' has been saved with empty engine version. The asset will be loaded but may be incompatible.
[2018.01.31-08.14.27:024][  0]LogLinker:Warning: Asset '../../../../../../Users/user/Desktop/игрули/Game_1337/TopDown/Content/Mannequin/Animations/ThirdPersonJump_Loop.uasset' has been saved with empty engine version. The asset will be loaded but may be incompatible.
[2018.01.31-08.14.27:073][  0]LogLinker:Warning: Asset '../../../../../../Users/user/Desktop/игрули/Game_1337/TopDown/Content/Mannequin/Animations/ThirdPersonJump_Start.uasset' has been saved with empty engine version. The asset will be loaded but may be incompatible.
[2018.01.31-08.14.27:171][  0]LogLinker:Warning: Asset '../../../../../../Users/user/Desktop/игрули/Game_1337/TopDown/Content/Mannequin/Animations/ThirdPerson_IdleRun_2D.uasset' has been saved with empty engine version. The asset will be loaded but may be incompatible.
[2018.01.31-08.14.27:226][  0]LogLinker:Warning: Asset '../../../../../../Users/user/Desktop/игрули/Game_1337/TopDown/Content/Mannequin/Animations/ThirdPersonIdle.uasset' has been saved with empty engine version. The asset will be loaded but may be incompatible.
[2018.01.31-08.14.27:292][  0]LogLinker:Warning: Asset '../../../../../../Users/user/Desktop/игрули/Game_1337/TopDown/Content/Mannequin/Animations/ThirdPersonRun.uasset' has been saved with empty engine version. The asset will be loaded but may be incompatible.
[2018.01.31-08.14.27:366][  0]LogLinker:Warning: Asset '../../../../../../Users/user/Desktop/игрули/Game_1337/TopDown/Content/Mannequin/Animations/ThirdPersonWalk.uasset' has been saved with empty engine version. The asset will be loaded but may be incompatible.
[2018.01.31-08.14.33:146][  0]LogClass:Warning: Enum '/Game/TopDownBP/Blueprints/Inventory/Char_Action_Type.Char_Action_Type' was upgraded to use FText to store its display name data. Please re-save this asset to avoid issues with localization and determinstic cooking.
[2018.01.31-08.14.40:241][  0]LogPackageName:Warning: String asset reference "S_ClothTarps_03.SM.Mesh.S_ClothTarps_03" is in short form, which is unsupported and -- even if valid -- resolving it will be really slow.
[2018.01.31-08.14.40:241][  0]LogPackageName:Warning: Please consider resaving package in order to speed-up loading.
[2018.01.31-08.14.40:375][  0]LogPackageName: SearchForPackageOnDisk took   0.090s, but failed to resolve S_ClothTarps_03.
[2018.01.31-08.14.40:375][  0]LogPackageName:Warning: String asset reference "S_ClothTarps_03.SM.Mesh.S_ClothTarps_03" could not be resolved.
[2018.01.31-08.15.00:234][  0]LogClass:Warning: Enum '/Game/TopDownBP/Blueprints/Inventory/Item/Item_Types.Item_Types' was upgraded to use FText to store its display name data. Please re-save this asset to avoid issues with localization and determinstic cooking.
[2018.01.31-08.15.01:456][  0]LogAIModule: Creating AISystem for world TopDownExampleMap
[2018.01.31-08.15.02:619][  0]LogEditorServer: Finished looking for orphan Actors (0.000 secs)
[2018.01.31-08.15.03:033][  0]Cmd: MAP CHECKDEP NOCLEARLOG
[2018.01.31-08.15.03:133][  0]MapCheck: Info Map check complete: 0 Error(s), 0 Warning(s), took 100.392ms to complete.
[2018.01.31-08.15.03:133][  0]LogFileHelpers: Loading map 'TopDownExampleMap' took 37.281
[2018.01.31-08.15.06:009][  0]LogCollectionManager: Loaded 0 collections in 0.002042 seconds
[2018.01.31-08.15.06:608][  0]LogFileCache: Scanning file cache for directory 'C:/Users/user/Desktop/игрули/Game_1337/TopDown/Saved/Collections/' took 0.01s
[2018.01.31-08.15.06:608][  0]LogFileCache: Scanning file cache for directory 'C:/Users/user/Desktop/игрули/Game_1337/TopDown/Content/Developers/user/Collections/' took 0.01s
[2018.01.31-08.15.06:608][  0]LogFileCache: Scanning file cache for directory 'C:/Users/user/Desktop/игрули/Game_1337/TopDown/Content/Collections/' took 0.01s
[2018.01.31-08.15.06:608][  0]LogCollectionManager: Rebuilt the GUID cache for 0 collections in 0.000002 seconds
[2018.01.31-08.15.06:661][  0]LogContentBrowser: Native class hierarchy populated in 0.0401 seconds. Added 2329 classes and 491 folders.
[2018.01.31-08.15.06:973][  0]LogContentBrowser: Native class hierarchy updated for 'WidgetCarousel' in 0.0008 seconds. Added 0 classes and 0 folders.
[2018.01.31-08.15.13:163][  0]LogContentBrowser: Native class hierarchy updated for 'AddContentDialog' in 0.0008 seconds. Added 0 classes and 0 folders.
[2018.01.31-08.15.13:435][  0]LogContentBrowser: Native class hierarchy updated for 'SceneOutliner' in 0.0008 seconds. Added 1 classes and 2 folders.
[2018.01.31-08.15.15:727][  0]LogCrashTracker: Crashtracker disabled due to settings.
[2018.01.31-08.15.16:193][  0]LogSlate: Took 0.037766 seconds to synchronously load lazily loaded font '../../../Engine/Content/Slate/Fonts/Roboto-Regular.ttf' (155K)
[2018.01.31-08.15.16:333][  0]LogSlate: Took 0.079654 seconds to synchronously load lazily loaded font '../../../Engine/Content/Slate/Fonts/Roboto-Bold.ttf' (160K)
[2018.01.31-08.15.16:748][  0]LogSlate: Took 0.041666 seconds to synchronously load lazily loaded font '../../../Engine/Content/Editor/Slate/Fonts/FontAwesome.ttf' (139K)
[2018.01.31-08.15.19:268][  0]LogRenderer: Reallocating scene render targets to support 776x536 NumSamples 1 (Frame:1).
[2018.01.31-08.15.22:503][  0]LogUObjectGlobals:Warning: Failed to find object 'Class None.'
[2018.01.31-08.15.22:678][  0]LogContentBrowser: Native class hierarchy updated for 'HierarchicalLODOutliner' in 0.0008 seconds. Added 1 classes and 2 folders.
[2018.01.31-08.15.22:679][  0]LogLoad: (Engine Initialization) Total time: 188.80 seconds
[2018.01.31-08.15.22:679][  0]LogLoad: (Engine Initialization) Total Blueprint compile time: 2.38 seconds
[2018.01.31-08.15.22:679][  0]LogExternalProfiler: Found external profiler: VSPerf
[2018.01.31-08.15.22:679][  0]LogExternalProfiler: Using external profiler: VSPerf
[2018.01.31-08.15.23:329][  0]LogOcInput: OculusInput pre-init called
[2018.01.31-08.15.23:329][  0]LogHMD: Starting GearVRController plugin
[2018.01.31-08.15.24:461][  0]LogContentStreaming: Texture pool size now 1000 MB
[2018.01.31-08.15.26:307][  3]LogAssetRegistry: Asset discovery search completed in 135.0595 seconds
[2018.01.31-08.15.26:359][  3]LogCollectionManager: Rebuilt the object cache for 0 collections in 0.000001 seconds (found 0 objects)
[2018.01.31-08.15.26:359][  3]LogCollectionManager: Fixed up redirectors for 0 collections in 0.000050 seconds (updated 0 objects)
[2018.01.31-08.15.45:364][ 60]LogTemp: Repeting last play command: Selected Viewport
[2018.01.31-08.15.48:510][ 60]LogBlueprintUserMessages: Early PlayInEditor Detection: Level '/Game/TopDownBP/Maps/TopDownExampleMap.TopDownExampleMap:PersistentLevel' has LevelScriptBlueprint '/Game/TopDownBP/Maps/TopDownExampleMap.TopDownExampleMap:PersistentLevel.TopDownExampleMap' with GeneratedClass '/Game/TopDownBP/Maps/TopDownExampleMap.TopDownExampleMap_C' with ClassGeneratedBy '/Game/TopDownBP/Maps/TopDownExampleMap.TopDownExampleMap:PersistentLevel.TopDownExampleMap'
[2018.01.31-08.15.48:539][ 60]LogPlayLevel: PlayLevel: No blueprints needed recompiling
[2018.01.31-08.15.48:694][ 60]PIE: New page: PIE session: TopDownExampleMap (Feb 1, 2018, 12:15:48 AM)
[2018.01.31-08.15.48:745][ 60]LogPlayLevel: Creating play world package: /Game/TopDownBP/Maps/UEDPIE_0_TopDownExampleMap
[2018.01.31-08.15.48:846][ 60]LogPlayLevel: PIE: StaticDuplicateObject took: (0.100883s)
[2018.01.31-08.15.48:848][ 60]LogAIModule: Creating AISystem for world TopDownExampleMap
[2018.01.31-08.15.48:848][ 60]LogPlayLevel: PIE: World Init took: (0.002708s)
[2018.01.31-08.15.48:849][ 60]LogPlayLevel: PIE: Created PIE world by copying editor world from /Game/TopDownBP/Maps/TopDownExampleMap.TopDownExampleMap to /Game/TopDownBP/Maps/UEDPIE_0_TopDownExampleMap.TopDownExampleMap (0.134713s)
[2018.01.31-08.15.48:892][ 60]LogInit: XAudio2 using 'Динамики (Realtek High Definition Audio)' : 2 channels at 48 kHz using 32 bits per sample (channel mask 0x3)
[2018.01.31-08.15.48:901][ 60]LogInit: FAudioDevice initialized.
[2018.01.31-08.15.48:992][ 60]LogLoad: Game class is 'TopDownGameMode_C'
[2018.01.31-08.15.49:239][ 60]LogWorld: Bringing World /Game/TopDownBP/Maps/UEDPIE_0_TopDownExampleMap.TopDownExampleMap up for play (max tick rate 0) at 2018.01.31-16.15.49
[2018.01.31-08.15.49:388][ 60]LogWorld: Bringing up level for play took: 0.155085
[2018.01.31-08.15.49:845][ 60]LogContentBrowser: Native class hierarchy updated for 'MovieSceneCapture' in 0.0009 seconds. Added 11 classes and 0 folders.
[2018.01.31-08.15.49:864][ 60]LogGameMode:Display: Match State Changed from EnteringMap to WaitingToStart
[2018.01.31-08.15.49:864][ 60]LogGameState: Match State Changed from EnteringMap to WaitingToStart
[2018.01.31-08.15.49:864][ 60]LogGameMode:Display: Match State Changed from WaitingToStart to InProgress
[2018.01.31-08.15.50:259][ 60]LogGameState: Match State Changed from WaitingToStart to InProgress
[2018.01.31-08.15.50:289][ 60]PIE: Info Play in editor start time for /Game/TopDownBP/Maps/UEDPIE_0_TopDownExampleMap 1.827
[2018.01.31-08.15.50:289][ 60]LogBlueprintUserMessages: Late PlayInEditor Detection: Level '/Game/TopDownBP/Maps/TopDownExampleMap.TopDownExampleMap:PersistentLevel' has LevelScriptBlueprint '/Game/TopDownBP/Maps/TopDownExampleMap.TopDownExampleMap:PersistentLevel.TopDownExampleMap' with GeneratedClass '/Game/TopDownBP/Maps/TopDownExampleMap.TopDownExampleMap_C' with ClassGeneratedBy '/Game/TopDownBP/Maps/TopDownExampleMap.TopDownExampleMap:PersistentLevel.TopDownExampleMap'
[2018.01.31-08.20.00:333][472]LogBlueprintUserMessages: Early EndPlayMap Detection: Level '/Game/TopDownBP/Maps/TopDownExampleMap.TopDownExampleMap:PersistentLevel' has LevelScriptBlueprint '/Game/TopDownBP/Maps/TopDownExampleMap.TopDownExampleMap:PersistentLevel.TopDownExampleMap' with GeneratedClass '/Game/TopDownBP/Maps/TopDownExampleMap.TopDownExampleMap_C' with ClassGeneratedBy '/Game/TopDownBP/Maps/TopDownExampleMap.TopDownExampleMap:PersistentLevel.TopDownExampleMap'
[2018.01.31-08.20.00:404][472]LogBlueprintUserMessages: Late EndPlayMap Detection: Level '/Game/TopDownBP/Maps/TopDownExampleMap.TopDownExampleMap:PersistentLevel' has LevelScriptBlueprint '/Game/TopDownBP/Maps/TopDownExampleMap.TopDownExampleMap:PersistentLevel.TopDownExampleMap' with GeneratedClass '/Game/TopDownBP/Maps/TopDownExampleMap.TopDownExampleMap_C' with ClassGeneratedBy '/Game/TopDownBP/Maps/TopDownExampleMap.TopDownExampleMap:PersistentLevel.TopDownExampleMap'
[2018.01.31-08.20.02:476][519]LogActorFactory: Actor Factory created SM_ClothTarps_01
[2018.01.31-08.20.05:275][598]LogTexture:Display: Building textures: T_Exo_Hay_M (AutoDXT, 256X256)
[2018.01.31-08.20.05:313][598]LogTexture:Display: Building textures: T_Exo_Hay_D (AutoDXT, 256X256)
[2018.01.31-08.20.05:422][598]LogTexture:Display: Building textures: T_Exo_Hay_N (AutoDXT, 256X256)
[2018.01.31-08.20.05:540][598]LogMaterial: Missing cached shader map for material M_Exo_Hay, compiling. 
[2018.01.31-08.20.05:732][598]LogStaticMesh: Building static mesh SM_Exo_Hay...
[2018.01.31-08.20.05:853][598]LogSlate: Took 0.078978 seconds to synchronously load lazily loaded font '../../../Engine/Content/Slate/Fonts/Roboto-Light.ttf' (159K)
[2018.01.31-08.20.05:990][598]LogStaticMesh: Built static mesh [0.26s] /Game/InfinityBladeGrassLands/Environments/Misc/Exo_Deco01/StaticMesh/SM_Exo_Hay.SM_Exo_Hay
[2018.01.31-08.20.06:294][598]LogActorFactory: Actor Factory created SM_Exo_Hay
[2018.01.31-08.20.15:400][841]LogActorFactory: Actor Factory created SM_Pine_Low_Cluster
[2018.01.31-08.20.17:548][954]LogActorFactory: Actor Factory created SM_Pine_Low_Cluster
[2018.01.31-08.20.18:792][956]LogActorFactory: Actor Factory created SM_Pine_Low_Cluster
[2018.01.31-08.20.19:546][991]LogActorFactory: Actor Factory created SM_Pine_Low_Cluster
[2018.01.31-08.20.21:052][ 38]LogActorFactory: Actor Factory created SM_Pine_Low_Cluster
[2018.01.31-08.20.21:934][ 80]LogActorFactory: Actor Factory created SM_Pine_Low_Cluster
[2018.01.31-08.20.22:859][117]LogTemp: Repeting last play command: Selected Viewport
[2018.01.31-08.20.22:896][117]LogBlueprintUserMessages: Early PlayInEditor Detection: Level '/Game/TopDownBP/Maps/TopDownExampleMap.TopDownExampleMap:PersistentLevel' has LevelScriptBlueprint '/Game/TopDownBP/Maps/TopDownExampleMap.TopDownExampleMap:PersistentLevel.TopDownExampleMap' with GeneratedClass '/Game/TopDownBP/Maps/TopDownExampleMap.TopDownExampleMap_C' with ClassGeneratedBy '/Game/TopDownBP/Maps/TopDownExampleMap.TopDownExampleMap:PersistentLevel.TopDownExampleMap'
[2018.01.31-08.20.22:896][117]LogPlayLevel: PlayLevel: No blueprints needed recompiling
[2018.01.31-08.20.22:897][117]PIE: New page: PIE session: TopDownExampleMap (Feb 1, 2018, 12:20:22 AM)
[2018.01.31-08.20.22:897][117]LogPlayLevel: Creating play world package: /Game/TopDownBP/Maps/UEDPIE_0_TopDownExampleMap
[2018.01.31-08.20.22:941][117]LogPlayLevel: PIE: StaticDuplicateObject took: (0.044565s)
[2018.01.31-08.20.22:943][117]LogAIModule: Creating AISystem for world TopDownExampleMap
[2018.01.31-08.20.22:943][117]LogPlayLevel: PIE: World Init took: (0.001781s)
[2018.01.31-08.20.22:943][117]LogPlayLevel: PIE: Created PIE world by copying editor world from /Game/TopDownBP/Maps/TopDownExampleMap.TopDownExampleMap to /Game/TopDownBP/Maps/UEDPIE_0_TopDownExampleMap.TopDownExampleMap (0.046712s)
[2018.01.31-08.20.22:960][117]LogInit: XAudio2 using 'Динамики (Realtek High Definition Audio)' : 2 channels at 48 kHz using 32 bits per sample (channel mask 0x3)
[2018.01.31-08.20.22:969][117]LogInit: FAudioDevice initialized.
[2018.01.31-08.20.23:014][117]LogLoad: Game class is 'TopDownGameMode_C'
[2018.01.31-08.20.23:022][117]LogWorld: Bringing World /Game/TopDownBP/Maps/UEDPIE_0_TopDownExampleMap.TopDownExampleMap up for play (max tick rate 0) at 2018.01.31-16.20.23
[2018.01.31-08.20.23:022][117]LogWorld: Bringing up level for play took: 0.005982
[2018.01.31-08.20.23:023][117]LogGameMode:Display: Match State Changed from EnteringMap to WaitingToStart
[2018.01.31-08.20.23:023][117]LogGameState: Match State Changed from EnteringMap to WaitingToStart
[2018.01.31-08.20.23:023][117]LogGameMode:Display: Match State Changed from WaitingToStart to InProgress
[2018.01.31-08.20.23:029][117]LogGameState: Match State Changed from WaitingToStart to InProgress
[2018.01.31-08.20.23:029][117]PIE: Info Play in editor start time for /Game/TopDownBP/Maps/UEDPIE_0_TopDownExampleMap 0.562
[2018.01.31-08.20.23:030][117]LogBlueprintUserMessages: Late PlayInEditor Detection: Level '/Game/TopDownBP/Maps/TopDownExampleMap.TopDownExampleMap:PersistentLevel' has LevelScriptBlueprint '/Game/TopDownBP/Maps/TopDownExampleMap.TopDownExampleMap:PersistentLevel.TopDownExampleMap' with GeneratedClass '/Game/TopDownBP/Maps/TopDownExampleMap.TopDownExampleMap_C' with ClassGeneratedBy '/Game/TopDownBP/Maps/TopDownExampleMap.TopDownExampleMap:PersistentLevel.TopDownExampleMap'
[2018.01.31-08.20.49:992][612]LogBlueprintUserMessages: Early EndPlayMap Detection: Level '/Game/TopDownBP/Maps/TopDownExampleMap.TopDownExampleMap:PersistentLevel' has LevelScriptBlueprint '/Game/TopDownBP/Maps/TopDownExampleMap.TopDownExampleMap:PersistentLevel.TopDownExampleMap' with GeneratedClass '/Game/TopDownBP/Maps/TopDownExampleMap.TopDownExampleMap_C' with ClassGeneratedBy '/Game/TopDownBP/Maps/TopDownExampleMap.TopDownExampleMap:PersistentLevel.TopDownExampleMap'
[2018.01.31-08.20.50:063][612]LogBlueprintUserMessages: Late EndPlayMap Detection: Level '/Game/TopDownBP/Maps/TopDownExampleMap.TopDownExampleMap:PersistentLevel' has LevelScriptBlueprint '/Game/TopDownBP/Maps/TopDownExampleMap.TopDownExampleMap:PersistentLevel.TopDownExampleMap' with GeneratedClass '/Game/TopDownBP/Maps/TopDownExampleMap.TopDownExampleMap_C' with ClassGeneratedBy '/Game/TopDownBP/Maps/TopDownExampleMap.TopDownExampleMap:PersistentLevel.TopDownExampleMap'
[2018.01.31-08.21.34:302][856]LogEditorViewport: Clicking on Actor (LMB): TopDownCharacter_C (TopDownCharacter)
[2018.01.31-08.21.35:286][876]LogEditorViewport: Clicking on Actor (LMB): StaticMeshActor (ostrov02)
[2018.01.31-08.21.36:385][915]LogEditorViewport: Clicking on Actor (LMB): StaticMeshActor (ostrov02)
[2018.01.31-08.21.37:215][949]LogEditorViewport: Clicking on Actor (LMB): StaticMeshActor (SM_Plains_Grass6)
[2018.01.31-08.21.47:331][370]LogTemp: Repeting last play command: Selected Viewport
[2018.01.31-08.21.47:370][370]LogBlueprintUserMessages: Early PlayInEditor Detection: Level '/Game/TopDownBP/Maps/TopDownExampleMap.TopDownExampleMap:PersistentLevel' has LevelScriptBlueprint '/Game/TopDownBP/Maps/TopDownExampleMap.TopDownExampleMap:PersistentLevel.TopDownExampleMap' with GeneratedClass '/Game/TopDownBP/Maps/TopDownExampleMap.TopDownExampleMap_C' with ClassGeneratedBy '/Game/TopDownBP/Maps/TopDownExampleMap.TopDownExampleMap:PersistentLevel.TopDownExampleMap'
[2018.01.31-08.21.47:370][370]LogPlayLevel: PlayLevel: No blueprints needed recompiling
[2018.01.31-08.21.47:370][370]PIE: New page: PIE session: TopDownExampleMap (Feb 1, 2018, 12:21:47 AM)
[2018.01.31-08.21.47:370][370]LogPlayLevel: Creating play world package: /Game/TopDownBP/Maps/UEDPIE_0_TopDownExampleMap
[2018.01.31-08.21.47:415][370]LogPlayLevel: PIE: StaticDuplicateObject took: (0.044498s)
[2018.01.31-08.21.47:417][370]LogAIModule: Creating AISystem for world TopDownExampleMap
[2018.01.31-08.21.47:417][370]LogPlayLevel: PIE: World Init took: (0.002308s)
[2018.01.31-08.21.47:417][370]LogPlayLevel: PIE: Created PIE world by copying editor world from /Game/TopDownBP/Maps/TopDownExampleMap.TopDownExampleMap to /Game/TopDownBP/Maps/UEDPIE_0_TopDownExampleMap.TopDownExampleMap (0.047235s)
[2018.01.31-08.21.47:438][370]LogInit: XAudio2 using 'Динамики (Realtek High Definition Audio)' : 2 channels at 48 kHz using 32 bits per sample (channel mask 0x3)
[2018.01.31-08.21.47:447][370]LogInit: FAudioDevice initialized.
[2018.01.31-08.21.47:476][370]LogLoad: Game class is 'TopDownGameMode_C'
[2018.01.31-08.21.47:483][370]LogWorld: Bringing World /Game/TopDownBP/Maps/UEDPIE_0_TopDownExampleMap.TopDownExampleMap up for play (max tick rate 0) at 2018.01.31-16.21.47
[2018.01.31-08.21.47:484][370]LogWorld: Bringing up level for play took: 0.006288
[2018.01.31-08.21.47:485][370]LogGameMode:Display: Match State Changed from EnteringMap to WaitingToStart
[2018.01.31-08.21.47:485][370]LogGameState: Match State Changed from EnteringMap to WaitingToStart
[2018.01.31-08.21.47:485][370]LogGameMode:Display: Match State Changed from WaitingToStart to InProgress
[2018.01.31-08.21.47:491][370]LogGameState: Match State Changed from WaitingToStart to InProgress
[2018.01.31-08.21.47:492][370]PIE: Info Play in editor start time for /Game/TopDownBP/Maps/UEDPIE_0_TopDownExampleMap 1.022
[2018.01.31-08.21.47:492][370]LogBlueprintUserMessages: Late PlayInEditor Detection: Level '/Game/TopDownBP/Maps/TopDownExampleMap.TopDownExampleMap:PersistentLevel' has LevelScriptBlueprint '/Game/TopDownBP/Maps/TopDownExampleMap.TopDownExampleMap:PersistentLevel.TopDownExampleMap' with GeneratedClass '/Game/TopDownBP/Maps/TopDownExampleMap.TopDownExampleMap_C' with ClassGeneratedBy '/Game/TopDownBP/Maps/TopDownExampleMap.TopDownExampleMap:PersistentLevel.TopDownExampleMap'
[2018.01.31-08.21.53:849][687]LogBlueprintUserMessages: Early EndPlayMap Detection: Level '/Game/TopDownBP/Maps/TopDownExampleMap.TopDownExampleMap:PersistentLevel' has LevelScriptBlueprint '/Game/TopDownBP/Maps/TopDownExampleMap.TopDownExampleMap:PersistentLevel.TopDownExampleMap' with GeneratedClass '/Game/TopDownBP/Maps/TopDownExampleMap.TopDownExampleMap_C' with ClassGeneratedBy '/Game/TopDownBP/Maps/TopDownExampleMap.TopDownExampleMap:PersistentLevel.TopDownExampleMap'
[2018.01.31-08.21.53:927][687]LogBlueprintUserMessages: Late EndPlayMap Detection: Level '/Game/TopDownBP/Maps/TopDownExampleMap.TopDownExampleMap:PersistentLevel' has LevelScriptBlueprint '/Game/TopDownBP/Maps/TopDownExampleMap.TopDownExampleMap:PersistentLevel.TopDownExampleMap' with GeneratedClass '/Game/TopDownBP/Maps/TopDownExampleMap.TopDownExampleMap_C' with ClassGeneratedBy '/Game/TopDownBP/Maps/TopDownExampleMap.TopDownExampleMap:PersistentLevel.TopDownExampleMap'
[2018.01.31-08.23.14:930][488]LogTemp: Repeting last play command: Selected Viewport
[2018.01.31-08.23.14:969][488]LogBlueprintUserMessages: Early PlayInEditor Detection: Level '/Game/TopDownBP/Maps/TopDownExampleMap.TopDownExampleMap:PersistentLevel' has LevelScriptBlueprint '/Game/TopDownBP/Maps/TopDownExampleMap.TopDownExampleMap:PersistentLevel.TopDownExampleMap' with GeneratedClass '/Game/TopDownBP/Maps/TopDownExampleMap.TopDownExampleMap_C' with ClassGeneratedBy '/Game/TopDownBP/Maps/TopDownExampleMap.TopDownExampleMap:PersistentLevel.TopDownExampleMap'
[2018.01.31-08.23.14:969][488]LogPlayLevel: PlayLevel: No blueprints needed recompiling
[2018.01.31-08.23.14:969][488]PIE: New page: PIE session: TopDownExampleMap (Feb 1, 2018, 12:23:14 AM)
[2018.01.31-08.23.14:969][488]LogPlayLevel: Creating play world package: /Game/TopDownBP/Maps/UEDPIE_0_TopDownExampleMap
[2018.01.31-08.23.15:016][488]LogPlayLevel: PIE: StaticDuplicateObject took: (0.046596s)
[2018.01.31-08.23.15:018][488]LogAIModule: Creating AISystem for world TopDownExampleMap
[2018.01.31-08.23.15:018][488]LogPlayLevel: PIE: World Init took: (0.001784s)
[2018.01.31-08.23.15:018][488]LogPlayLevel: PIE: Created PIE world by copying editor world from /Game/TopDownBP/Maps/TopDownExampleMap.TopDownExampleMap to /Game/TopDownBP/Maps/UEDPIE_0_TopDownExampleMap.TopDownExampleMap (0.048732s)
[2018.01.31-08.23.15:035][488]LogInit: XAudio2 using 'Динамики (Realtek High Definition Audio)' : 2 channels at 48 kHz using 32 bits per sample (channel mask 0x3)
[2018.01.31-08.23.15:044][488]LogInit: FAudioDevice initialized.
[2018.01.31-08.23.15:071][488]LogLoad: Game class is 'TopDownGameMode_C'
[2018.01.31-08.23.15:078][488]LogWorld: Bringing World /Game/TopDownBP/Maps/UEDPIE_0_TopDownExampleMap.TopDownExampleMap up for play (max tick rate 0) at 2018.01.31-16.23.15
[2018.01.31-08.23.15:079][488]LogWorld: Bringing up level for play took: 0.006417
[2018.01.31-08.23.15:080][488]LogGameMode:Display: Match State Changed from EnteringMap to WaitingToStart
[2018.01.31-08.23.15:080][488]LogGameState: Match State Changed from EnteringMap to WaitingToStart
[2018.01.31-08.23.15:080][488]LogGameMode:Display: Match State Changed from WaitingToStart to InProgress
[2018.01.31-08.23.15:087][488]LogGameState: Match State Changed from WaitingToStart to InProgress
[2018.01.31-08.23.15:087][488]PIE: Info Play in editor start time for /Game/TopDownBP/Maps/UEDPIE_0_TopDownExampleMap 0.615
[2018.01.31-08.23.15:087][488]LogBlueprintUserMessages: Late PlayInEditor Detection: Level '/Game/TopDownBP/Maps/TopDownExampleMap.TopDownExampleMap:PersistentLevel' has LevelScriptBlueprint '/Game/TopDownBP/Maps/TopDownExampleMap.TopDownExampleMap:PersistentLevel.TopDownExampleMap' with GeneratedClass '/Game/TopDownBP/Maps/TopDownExampleMap.TopDownExampleMap_C' with ClassGeneratedBy '/Game/TopDownBP/Maps/TopDownExampleMap.TopDownExampleMap:PersistentLevel.TopDownExampleMap'
[2018.01.31-08.23.21:079][796]LogBlueprintUserMessages: Early EndPlayMap Detection: Level '/Game/TopDownBP/Maps/TopDownExampleMap.TopDownExampleMap:PersistentLevel' has LevelScriptBlueprint '/Game/TopDownBP/Maps/TopDownExampleMap.TopDownExampleMap:PersistentLevel.TopDownExampleMap' with GeneratedClass '/Game/TopDownBP/Maps/TopDownExampleMap.TopDownExampleMap_C' with ClassGeneratedBy '/Game/TopDownBP/Maps/TopDownExampleMap.TopDownExampleMap:PersistentLevel.TopDownExampleMap'
[2018.01.31-08.23.21:157][796]LogBlueprintUserMessages: Late EndPlayMap Detection: Level '/Game/TopDownBP/Maps/TopDownExampleMap.TopDownExampleMap:PersistentLevel' has LevelScriptBlueprint '/Game/TopDownBP/Maps/TopDownExampleMap.TopDownExampleMap:PersistentLevel.TopDownExampleMap' with GeneratedClass '/Game/TopDownBP/Maps/TopDownExampleMap.TopDownExampleMap_C' with ClassGeneratedBy '/Game/TopDownBP/Maps/TopDownExampleMap.TopDownExampleMap:PersistentLevel.TopDownExampleMap'
[2018.01.31-08.23.23:824][886]LogTemp: Repeting last play command: Selected Viewport
[2018.01.31-08.23.23:867][886]LogBlueprintUserMessages: Early PlayInEditor Detection: Level '/Game/TopDownBP/Maps/TopDownExampleMap.TopDownExampleMap:PersistentLevel' has LevelScriptBlueprint '/Game/TopDownBP/Maps/TopDownExampleMap.TopDownExampleMap:PersistentLevel.TopDownExampleMap' with GeneratedClass '/Game/TopDownBP/Maps/TopDownExampleMap.TopDownExampleMap_C' with ClassGeneratedBy '/Game/TopDownBP/Maps/TopDownExampleMap.TopDownExampleMap:PersistentLevel.TopDownExampleMap'
[2018.01.31-08.23.23:867][886]LogPlayLevel: PlayLevel: No blueprints needed recompiling
[2018.01.31-08.23.23:867][886]PIE: New page: PIE session: TopDownExampleMap (Feb 1, 2018, 12:23:23 AM)
[2018.01.31-08.23.23:867][886]LogPlayLevel: Creating play world package: /Game/TopDownBP/Maps/UEDPIE_0_TopDownExampleMap
[2018.01.31-08.23.23:908][886]LogPlayLevel: PIE: StaticDuplicateObject took: (0.040731s)
[2018.01.31-08.23.23:910][886]LogAIModule: Creating AISystem for world TopDownExampleMap
[2018.01.31-08.23.23:910][886]LogPlayLevel: PIE: World Init took: (0.001764s)
[2018.01.31-08.23.23:910][886]LogPlayLevel: PIE: Created PIE world by copying editor world from /Game/TopDownBP/Maps/TopDownExampleMap.TopDownExampleMap to /Game/TopDownBP/Maps/UEDPIE_0_TopDownExampleMap.TopDownExampleMap (0.042895s)
[2018.01.31-08.23.23:931][886]LogInit: XAudio2 using 'Динамики (Realtek High Definition Audio)' : 2 channels at 48 kHz using 32 bits per sample (channel mask 0x3)
[2018.01.31-08.23.23:940][886]LogInit: FAudioDevice initialized.
[2018.01.31-08.23.23:971][886]LogLoad: Game class is 'TopDownGameMode_C'
[2018.01.31-08.23.23:979][886]LogWorld: Bringing World /Game/TopDownBP/Maps/UEDPIE_0_TopDownExampleMap.TopDownExampleMap up for play (max tick rate 0) at 2018.01.31-16.23.23
[2018.01.31-08.23.23:979][886]LogWorld: Bringing up level for play took: 0.005985
[2018.01.31-08.23.23:980][886]LogGameMode:Display: Match State Changed from EnteringMap to WaitingToStart
[2018.01.31-08.23.23:980][886]LogGameState: Match State Changed from EnteringMap to WaitingToStart
[2018.01.31-08.23.23:980][886]LogGameMode:Display: Match State Changed from WaitingToStart to InProgress
[2018.01.31-08.23.23:986][886]LogGameState: Match State Changed from WaitingToStart to InProgress
[2018.01.31-08.23.23:986][886]PIE: Info Play in editor start time for /Game/TopDownBP/Maps/UEDPIE_0_TopDownExampleMap -0.485
[2018.01.31-08.23.23:987][886]LogBlueprintUserMessages: Late PlayInEditor Detection: Level '/Game/TopDownBP/Maps/TopDownExampleMap.TopDownExampleMap:PersistentLevel' has LevelScriptBlueprint '/Game/TopDownBP/Maps/TopDownExampleMap.TopDownExampleMap:PersistentLevel.TopDownExampleMap' with GeneratedClass '/Game/TopDownBP/Maps/TopDownExampleMap.TopDownExampleMap_C' with ClassGeneratedBy '/Game/TopDownBP/Maps/TopDownExampleMap.TopDownExampleMap:PersistentLevel.TopDownExampleMap'
[2018.01.31-08.23.26:344][  4]LogBlueprintUserMessages: Early EndPlayMap Detection: Level '/Game/TopDownBP/Maps/TopDownExampleMap.TopDownExampleMap:PersistentLevel' has LevelScriptBlueprint '/Game/TopDownBP/Maps/TopDownExampleMap.TopDownExampleMap:PersistentLevel.TopDownExampleMap' with GeneratedClass '/Game/TopDownBP/Maps/TopDownExampleMap.TopDownExampleMap_C' with ClassGeneratedBy '/Game/TopDownBP/Maps/TopDownExampleMap.TopDownExampleMap:PersistentLevel.TopDownExampleMap'
[2018.01.31-08.23.26:421][  4]LogBlueprintUserMessages: Late EndPlayMap Detection: Level '/Game/TopDownBP/Maps/TopDownExampleMap.TopDownExampleMap:PersistentLevel' has LevelScriptBlueprint '/Game/TopDownBP/Maps/TopDownExampleMap.TopDownExampleMap:PersistentLevel.TopDownExampleMap' with GeneratedClass '/Game/TopDownBP/Maps/TopDownExampleMap.TopDownExampleMap_C' with ClassGeneratedBy '/Game/TopDownBP/Maps/TopDownExampleMap.TopDownExampleMap:PersistentLevel.TopDownExampleMap'
[2018.01.31-08.23.31:028][147]LogTemp: Repeting last play command: Selected Viewport
[2018.01.31-08.23.31:068][147]LogBlueprintUserMessages: Early PlayInEditor Detection: Level '/Game/TopDownBP/Maps/TopDownExampleMap.TopDownExampleMap:PersistentLevel' has LevelScriptBlueprint '/Game/TopDownBP/Maps/TopDownExampleMap.TopDownExampleMap:PersistentLevel.TopDownExampleMap' with GeneratedClass '/Game/TopDownBP/Maps/TopDownExampleMap.TopDownExampleMap_C' with ClassGeneratedBy '/Game/TopDownBP/Maps/TopDownExampleMap.TopDownExampleMap:PersistentLevel.TopDownExampleMap'
[2018.01.31-08.23.31:068][147]LogPlayLevel: PlayLevel: No blueprints needed recompiling
[2018.01.31-08.23.31:069][147]PIE: New page: PIE session: TopDownExampleMap (Feb 1, 2018, 12:23:31 AM)
[2018.01.31-08.23.31:069][147]LogPlayLevel: Creating play world package: /Game/TopDownBP/Maps/UEDPIE_0_TopDownExampleMap
[2018.01.31-08.23.31:109][147]LogPlayLevel: PIE: StaticDuplicateObject took: (0.040407s)
[2018.01.31-08.23.31:111][147]LogAIModule: Creating AISystem for world TopDownExampleMap
[2018.01.31-08.23.31:111][147]LogPlayLevel: PIE: World Init took: (0.001965s)
[2018.01.31-08.23.31:111][147]LogPlayLevel: PIE: Created PIE world by copying editor world from /Game/TopDownBP/Maps/TopDownExampleMap.TopDownExampleMap to /Game/TopDownBP/Maps/UEDPIE_0_TopDownExampleMap.TopDownExampleMap (0.042731s)
[2018.01.31-08.23.31:127][147]LogInit: XAudio2 using 'Динамики (Realtek High Definition Audio)' : 2 channels at 48 kHz using 32 bits per sample (channel mask 0x3)
[2018.01.31-08.23.31:136][147]LogInit: FAudioDevice initialized.
[2018.01.31-08.23.31:167][147]LogLoad: Game class is 'TopDownGameMode_C'
[2018.01.31-08.23.31:174][147]LogWorld: Bringing World /Game/TopDownBP/Maps/UEDPIE_0_TopDownExampleMap.TopDownExampleMap up for play (max tick rate 0) at 2018.01.31-16.23.31
[2018.01.31-08.23.31:175][147]LogWorld: Bringing up level for play took: 0.006031
[2018.01.31-08.23.31:176][147]LogGameMode:Display: Match State Changed from EnteringMap to WaitingToStart
[2018.01.31-08.23.31:176][147]LogGameState: Match State Changed from EnteringMap to WaitingToStart
[2018.01.31-08.23.31:176][147]LogGameMode:Display: Match State Changed from WaitingToStart to InProgress
[2018.01.31-08.23.31:182][147]LogGameState: Match State Changed from WaitingToStart to InProgress
[2018.01.31-08.23.31:182][147]PIE: Info Play in editor start time for /Game/TopDownBP/Maps/UEDPIE_0_TopDownExampleMap 0.71
[2018.01.31-08.23.31:182][147]LogBlueprintUserMessages: Late PlayInEditor Detection: Level '/Game/TopDownBP/Maps/TopDownExampleMap.TopDownExampleMap:PersistentLevel' has LevelScriptBlueprint '/Game/TopDownBP/Maps/TopDownExampleMap.TopDownExampleMap:PersistentLevel.TopDownExampleMap' with GeneratedClass '/Game/TopDownBP/Maps/TopDownExampleMap.TopDownExampleMap_C' with ClassGeneratedBy '/Game/TopDownBP/Maps/TopDownExampleMap.TopDownExampleMap:PersistentLevel.TopDownExampleMap'
[2018.01.31-08.23.46:970][ 12]LogBlueprintUserMessages: Early EndPlayMap Detection: Level '/Game/TopDownBP/Maps/TopDownExampleMap.TopDownExampleMap:PersistentLevel' has LevelScriptBlueprint '/Game/TopDownBP/Maps/TopDownExampleMap.TopDownExampleMap:PersistentLevel.TopDownExampleMap' with GeneratedClass '/Game/TopDownBP/Maps/TopDownExampleMap.TopDownExampleMap_C' with ClassGeneratedBy '/Game/TopDownBP/Maps/TopDownExampleMap.TopDownExampleMap:PersistentLevel.TopDownExampleMap'
[2018.01.31-08.23.47:041][ 12]LogBlueprintUserMessages: Late EndPlayMap Detection: Level '/Game/TopDownBP/Maps/TopDownExampleMap.TopDownExampleMap:PersistentLevel' has LevelScriptBlueprint '/Game/TopDownBP/Maps/TopDownExampleMap.TopDownExampleMap:PersistentLevel.TopDownExampleMap' with GeneratedClass '/Game/TopDownBP/Maps/TopDownExampleMap.TopDownExampleMap_C' with ClassGeneratedBy '/Game/TopDownBP/Maps/TopDownExampleMap.TopDownExampleMap:PersistentLevel.TopDownExampleMap'
[2018.01.31-08.27.25:659][394]LogTemp: Repeting last play command: Selected Viewport
[2018.01.31-08.27.25:700][394]LogBlueprintUserMessages: Early PlayInEditor Detection: Level '/Game/TopDownBP/Maps/TopDownExampleMap.TopDownExampleMap:PersistentLevel' has LevelScriptBlueprint '/Game/TopDownBP/Maps/TopDownExampleMap.TopDownExampleMap:PersistentLevel.TopDownExampleMap' with GeneratedClass '/Game/TopDownBP/Maps/TopDownExampleMap.TopDownExampleMap_C' with ClassGeneratedBy '/Game/TopDownBP/Maps/TopDownExampleMap.TopDownExampleMap:PersistentLevel.TopDownExampleMap'
[2018.01.31-08.27.25:700][394]LogPlayLevel: PlayLevel: No blueprints needed recompiling
[2018.01.31-08.27.25:700][394]PIE: New page: PIE session: TopDownExampleMap (Feb 1, 2018, 12:27:25 AM)
[2018.01.31-08.27.25:700][394]LogPlayLevel: Creating play world package: /Game/TopDownBP/Maps/UEDPIE_0_TopDownExampleMap
[2018.01.31-08.27.25:744][394]LogPlayLevel: PIE: StaticDuplicateObject took: (0.043639s)
[2018.01.31-08.27.25:745][394]LogAIModule: Creating AISystem for world TopDownExampleMap
[2018.01.31-08.27.25:746][394]LogPlayLevel: PIE: World Init took: (0.001792s)
[2018.01.31-08.27.25:746][394]LogPlayLevel: PIE: Created PIE world by copying editor world from /Game/TopDownBP/Maps/TopDownExampleMap.TopDownExampleMap to /Game/TopDownBP/Maps/UEDPIE_0_TopDownExampleMap.TopDownExampleMap (0.045804s)
[2018.01.31-08.27.25:762][394]LogInit: XAudio2 using 'Динамики (Realtek High Definition Audio)' : 2 channels at 48 kHz using 32 bits per sample (channel mask 0x3)
[2018.01.31-08.27.25:772][394]LogInit: FAudioDevice initialized.
[2018.01.31-08.27.25:806][394]LogLoad: Game class is 'TopDownGameMode_C'
[2018.01.31-08.27.25:813][394]LogWorld: Bringing World /Game/TopDownBP/Maps/UEDPIE_0_TopDownExampleMap.TopDownExampleMap up for play (max tick rate 0) at 2018.01.31-16.27.25
[2018.01.31-08.27.25:814][394]LogWorld: Bringing up level for play took: 0.006224
[2018.01.31-08.27.25:815][394]LogGameMode:Display: Match State Changed from EnteringMap to WaitingToStart
[2018.01.31-08.27.25:815][394]LogGameState: Match State Changed from EnteringMap to WaitingToStart
[2018.01.31-08.27.25:815][394]LogGameMode:Display: Match State Changed from WaitingToStart to InProgress
[2018.01.31-08.27.25:821][394]LogGameState: Match State Changed from WaitingToStart to InProgress
[2018.01.31-08.27.25:821][394]PIE: Info Play in editor start time for /Game/TopDownBP/Maps/UEDPIE_0_TopDownExampleMap -0.655
[2018.01.31-08.27.25:822][394]LogBlueprintUserMessages: Late PlayInEditor Detection: Level '/Game/TopDownBP/Maps/TopDownExampleMap.TopDownExampleMap:PersistentLevel' has LevelScriptBlueprint '/Game/TopDownBP/Maps/TopDownExampleMap.TopDownExampleMap:PersistentLevel.TopDownExampleMap' with GeneratedClass '/Game/TopDownBP/Maps/TopDownExampleMap.TopDownExampleMap_C' with ClassGeneratedBy '/Game/TopDownBP/Maps/TopDownExampleMap.TopDownExampleMap:PersistentLevel.TopDownExampleMap'
[2018.01.31-08.27.31:430][684]LogBlueprintUserMessages: Early EndPlayMap Detection: Level '/Game/TopDownBP/Maps/TopDownExampleMap.TopDownExampleMap:PersistentLevel' has LevelScriptBlueprint '/Game/TopDownBP/Maps/TopDownExampleMap.TopDownExampleMap:PersistentLevel.TopDownExampleMap' with GeneratedClass '/Game/TopDownBP/Maps/TopDownExampleMap.TopDownExampleMap_C' with ClassGeneratedBy '/Game/TopDownBP/Maps/TopDownExampleMap.TopDownExampleMap:PersistentLevel.TopDownExampleMap'
[2018.01.31-08.27.31:508][684]LogBlueprintUserMessages: Late EndPlayMap Detection: Level '/Game/TopDownBP/Maps/TopDownExampleMap.TopDownExampleMap:PersistentLevel' has LevelScriptBlueprint '/Game/TopDownBP/Maps/TopDownExampleMap.TopDownExampleMap:PersistentLevel.TopDownExampleMap' with GeneratedClass '/Game/TopDownBP/Maps/TopDownExampleMap.TopDownExampleMap_C' with ClassGeneratedBy '/Game/TopDownBP/Maps/TopDownExampleMap.TopDownExampleMap:PersistentLevel.TopDownExampleMap'
[2018.01.31-08.27.39:638][904]LogTemp: Repeting last play command: Selected Viewport
[2018.01.31-08.27.39:676][904]LogBlueprintUserMessages: Early PlayInEditor Detection: Level '/Game/TopDownBP/Maps/TopDownExampleMap.TopDownExampleMap:PersistentLevel' has LevelScriptBlueprint '/Game/TopDownBP/Maps/TopDownExampleMap.TopDownExampleMap:PersistentLevel.TopDownExampleMap' with GeneratedClass '/Game/TopDownBP/Maps/TopDownExampleMap.TopDownExampleMap_C' with ClassGeneratedBy '/Game/TopDownBP/Maps/TopDownExampleMap.TopDownExampleMap:PersistentLevel.TopDownExampleMap'
[2018.01.31-08.27.39:676][904]LogPlayLevel: PlayLevel: No blueprints needed recompiling
[2018.01.31-08.27.39:677][904]PIE: New page: PIE session: TopDownExampleMap (Feb 1, 2018, 12:27:39 AM)
[2018.01.31-08.27.39:677][904]LogPlayLevel: Creating play world package: /Game/TopDownBP/Maps/UEDPIE_0_TopDownExampleMap
[2018.01.31-08.27.39:718][904]LogPlayLevel: PIE: StaticDuplicateObject took: (0.040930s)
[2018.01.31-08.27.39:719][904]LogAIModule: Creating AISystem for world TopDownExampleMap
[2018.01.31-08.27.39:720][904]LogPlayLevel: PIE: World Init took: (0.001993s)
[2018.01.31-08.27.39:720][904]LogPlayLevel: PIE: Created PIE world by copying editor world from /Game/TopDownBP/Maps/TopDownExampleMap.TopDownExampleMap to /Game/TopDownBP/Maps/UEDPIE_0_TopDownExampleMap.TopDownExampleMap (0.043285s)
[2018.01.31-08.27.39:741][904]LogInit: XAudio2 using 'Динамики (Realtek High Definition Audio)' : 2 channels at 48 kHz using 32 bits per sample (channel mask 0x3)
[2018.01.31-08.27.39:750][904]LogInit: FAudioDevice initialized.
[2018.01.31-08.27.39:782][904]LogLoad: Game class is 'TopDownGameMode_C'
[2018.01.31-08.27.39:790][904]LogWorld: Bringing World /Game/TopDownBP/Maps/UEDPIE_0_TopDownExampleMap.TopDownExampleMap up for play (max tick rate 0) at 2018.01.31-16.27.39
[2018.01.31-08.27.39:790][904]LogWorld: Bringing up level for play took: 0.006172
[2018.01.31-08.27.39:791][904]LogGameMode:Display: Match State Changed from EnteringMap to WaitingToStart
[2018.01.31-08.27.39:791][904]LogGameState: Match State Changed from EnteringMap to WaitingToStart
[2018.01.31-08.27.39:791][904]LogGameMode:Display: Match State Changed from WaitingToStart to InProgress
[2018.01.31-08.27.39:798][904]LogGameState: Match State Changed from WaitingToStart to InProgress
[2018.01.31-08.27.39:798][904]PIE: Info Play in editor start time for /Game/TopDownBP/Maps/UEDPIE_0_TopDownExampleMap -0.679
[2018.01.31-08.27.39:798][904]LogBlueprintUserMessages: Late PlayInEditor Detection: Level '/Game/TopDownBP/Maps/TopDownExampleMap.TopDownExampleMap:PersistentLevel' has LevelScriptBlueprint '/Game/TopDownBP/Maps/TopDownExampleMap.TopDownExampleMap:PersistentLevel.TopDownExampleMap' with GeneratedClass '/Game/TopDownBP/Maps/TopDownExampleMap.TopDownExampleMap_C' with ClassGeneratedBy '/Game/TopDownBP/Maps/TopDownExampleMap.TopDownExampleMap:PersistentLevel.TopDownExampleMap'
[2018.01.31-08.27.42:574][ 45]LogBlueprintUserMessages: Early EndPlayMap Detection: Level '/Game/TopDownBP/Maps/TopDownExampleMap.TopDownExampleMap:PersistentLevel' has LevelScriptBlueprint '/Game/TopDownBP/Maps/TopDownExampleMap.TopDownExampleMap:PersistentLevel.TopDownExampleMap' with GeneratedClass '/Game/TopDownBP/Maps/TopDownExampleMap.TopDownExampleMap_C' with ClassGeneratedBy '/Game/TopDownBP/Maps/TopDownExampleMap.TopDownExampleMap:PersistentLevel.TopDownExampleMap'
[2018.01.31-08.27.42:652][ 45]LogBlueprintUserMessages: Late EndPlayMap Detection: Level '/Game/TopDownBP/Maps/TopDownExampleMap.TopDownExampleMap:PersistentLevel' has LevelScriptBlueprint '/Game/TopDownBP/Maps/TopDownExampleMap.TopDownExampleMap:PersistentLevel.TopDownExampleMap' with GeneratedClass '/Game/TopDownBP/Maps/TopDownExampleMap.TopDownExampleMap_C' with ClassGeneratedBy '/Game/TopDownBP/Maps/TopDownExampleMap.TopDownExampleMap:PersistentLevel.TopDownExampleMap'
[2018.01.31-08.27.45:178][124]LogTemp: Repeting last play command: Selected Viewport
[2018.01.31-08.27.45:216][124]LogBlueprintUserMessages: Early PlayInEditor Detection: Level '/Game/TopDownBP/Maps/TopDownExampleMap.TopDownExampleMap:PersistentLevel' has LevelScriptBlueprint '/Game/TopDownBP/Maps/TopDownExampleMap.TopDownExampleMap:PersistentLevel.TopDownExampleMap' with GeneratedClass '/Game/TopDownBP/Maps/TopDownExampleMap.TopDownExampleMap_C' with ClassGeneratedBy '/Game/TopDownBP/Maps/TopDownExampleMap.TopDownExampleMap:PersistentLevel.TopDownExampleMap'
[2018.01.31-08.27.45:216][124]LogPlayLevel: PlayLevel: No blueprints needed recompiling
[2018.01.31-08.27.45:217][124]PIE: New page: PIE session: TopDownExampleMap (Feb 1, 2018, 12:27:45 AM)
[2018.01.31-08.27.45:217][124]LogPlayLevel: Creating play world package: /Game/TopDownBP/Maps/UEDPIE_0_TopDownExampleMap
[2018.01.31-08.27.45:257][124]LogPlayLevel: PIE: StaticDuplicateObject took: (0.039990s)
[2018.01.31-08.27.45:258][124]LogAIModule: Creating AISystem for world TopDownExampleMap
[2018.01.31-08.27.45:258][124]LogPlayLevel: PIE: World Init took: (0.001495s)
[2018.01.31-08.27.45:258][124]LogPlayLevel: PIE: Created PIE world by copying editor world from /Game/TopDownBP/Maps/TopDownExampleMap.TopDownExampleMap to /Game/TopDownBP/Maps/UEDPIE_0_TopDownExampleMap.TopDownExampleMap (0.041854s)
[2018.01.31-08.27.45:275][124]LogInit: XAudio2 using 'Динамики (Realtek High Definition Audio)' : 2 channels at 48 kHz using 32 bits per sample (channel mask 0x3)
[2018.01.31-08.27.45:284][124]LogInit: FAudioDevice initialized.
[2018.01.31-08.27.45:313][124]LogLoad: Game class is 'TopDownGameMode_C'
[2018.01.31-08.27.45:320][124]LogWorld: Bringing World /Game/TopDownBP/Maps/UEDPIE_0_TopDownExampleMap.TopDownExampleMap up for play (max tick rate 0) at 2018.01.31-16.27.45
[2018.01.31-08.27.45:321][124]LogWorld: Bringing up level for play took: 0.006114
[2018.01.31-08.27.45:322][124]LogGameMode:Display: Match State Changed from EnteringMap to WaitingToStart
[2018.01.31-08.27.45:322][124]LogGameState: Match State Changed from EnteringMap to WaitingToStart
[2018.01.31-08.27.45:322][124]LogGameMode:Display: Match State Changed from WaitingToStart to InProgress
[2018.01.31-08.27.45:328][124]LogGameState: Match State Changed from WaitingToStart to InProgress
[2018.01.31-08.27.45:328][124]PIE: Info Play in editor start time for /Game/TopDownBP/Maps/UEDPIE_0_TopDownExampleMap 0.852
[2018.01.31-08.27.45:328][124]LogBlueprintUserMessages: Late PlayInEditor Detection: Level '/Game/TopDownBP/Maps/TopDownExampleMap.TopDownExampleMap:PersistentLevel' has LevelScriptBlueprint '/Game/TopDownBP/Maps/TopDownExampleMap.TopDownExampleMap:PersistentLevel.TopDownExampleMap' with GeneratedClass '/Game/TopDownBP/Maps/TopDownExampleMap.TopDownExampleMap_C' with ClassGeneratedBy '/Game/TopDownBP/Maps/TopDownExampleMap.TopDownExampleMap:PersistentLevel.TopDownExampleMap'
[2018.01.31-08.27.49:002][314]LogBlueprintUserMessages: Early EndPlayMap Detection: Level '/Game/TopDownBP/Maps/TopDownExampleMap.TopDownExampleMap:PersistentLevel' has LevelScriptBlueprint '/Game/TopDownBP/Maps/TopDownExampleMap.TopDownExampleMap:PersistentLevel.TopDownExampleMap' with GeneratedClass '/Game/TopDownBP/Maps/TopDownExampleMap.TopDownExampleMap_C' with ClassGeneratedBy '/Game/TopDownBP/Maps/TopDownExampleMap.TopDownExampleMap:PersistentLevel.TopDownExampleMap'
[2018.01.31-08.27.49:076][314]LogBlueprintUserMessages: Late EndPlayMap Detection: Level '/Game/TopDownBP/Maps/TopDownExampleMap.TopDownExampleMap:PersistentLevel' has LevelScriptBlueprint '/Game/TopDownBP/Maps/TopDownExampleMap.TopDownExampleMap:PersistentLevel.TopDownExampleMap' with GeneratedClass '/Game/TopDownBP/Maps/TopDownExampleMap.TopDownExampleMap_C' with ClassGeneratedBy '/Game/TopDownBP/Maps/TopDownExampleMap.TopDownExampleMap:PersistentLevel.TopDownExampleMap'
[2018.01.31-08.28.14:599][605]LogTemp: Repeting last play command: Selected Viewport
[2018.01.31-08.28.14:634][605]LogBlueprintUserMessages: Early PlayInEditor Detection: Level '/Game/TopDownBP/Maps/TopDownExampleMap.TopDownExampleMap:PersistentLevel' has LevelScriptBlueprint '/Game/TopDownBP/Maps/TopDownExampleMap.TopDownExampleMap:PersistentLevel.TopDownExampleMap' with GeneratedClass '/Game/TopDownBP/Maps/TopDownExampleMap.TopDownExampleMap_C' with ClassGeneratedBy '/Game/TopDownBP/Maps/TopDownExampleMap.TopDownExampleMap:PersistentLevel.TopDownExampleMap'
[2018.01.31-08.28.14:634][605]LogPlayLevel: PlayLevel: No blueprints needed recompiling
[2018.01.31-08.28.14:634][605]PIE: New page: PIE session: TopDownExampleMap (Feb 1, 2018, 12:28:14 AM)
[2018.01.31-08.28.14:634][605]LogPlayLevel: Creating play world package: /Game/TopDownBP/Maps/UEDPIE_0_TopDownExampleMap
[2018.01.31-08.28.14:676][605]LogPlayLevel: PIE: StaticDuplicateObject took: (0.041105s)
[2018.01.31-08.28.14:677][605]LogAIModule: Creating AISystem for world TopDownExampleMap
[2018.01.31-08.28.14:677][605]LogPlayLevel: PIE: World Init took: (0.001539s)
[2018.01.31-08.28.14:677][605]LogPlayLevel: PIE: Created PIE world by copying editor world from /Game/TopDownBP/Maps/TopDownExampleMap.TopDownExampleMap to /Game/TopDownBP/Maps/UEDPIE_0_TopDownExampleMap.TopDownExampleMap (0.043036s)
[2018.01.31-08.28.14:694][605]LogInit: XAudio2 using 'Динамики (Realtek High Definition Audio)' : 2 channels at 48 kHz using 32 bits per sample (channel mask 0x3)
[2018.01.31-08.28.14:704][605]LogInit: FAudioDevice initialized.
[2018.01.31-08.28.14:736][605]LogLoad: Game class is 'TopDownGameMode_C'
[2018.01.31-08.28.14:743][605]LogWorld: Bringing World /Game/TopDownBP/Maps/UEDPIE_0_TopDownExampleMap.TopDownExampleMap up for play (max tick rate 0) at 2018.01.31-16.28.14
[2018.01.31-08.28.14:744][605]LogWorld: Bringing up level for play took: 0.006101
[2018.01.31-08.28.14:745][605]LogGameMode:Display: Match State Changed from EnteringMap to WaitingToStart
[2018.01.31-08.28.14:745][605]LogGameState: Match State Changed from EnteringMap to WaitingToStart
[2018.01.31-08.28.14:745][605]LogGameMode:Display: Match State Changed from WaitingToStart to InProgress
[2018.01.31-08.28.14:751][605]LogGameState: Match State Changed from WaitingToStart to InProgress
[2018.01.31-08.28.14:751][605]PIE: Info Play in editor start time for /Game/TopDownBP/Maps/UEDPIE_0_TopDownExampleMap 0.274
[2018.01.31-08.28.14:751][605]LogBlueprintUserMessages: Late PlayInEditor Detection: Level '/Game/TopDownBP/Maps/TopDownExampleMap.TopDownExampleMap:PersistentLevel' has LevelScriptBlueprint '/Game/TopDownBP/Maps/TopDownExampleMap.TopDownExampleMap:PersistentLevel.TopDownExampleMap' with GeneratedClass '/Game/TopDownBP/Maps/TopDownExampleMap.TopDownExampleMap_C' with ClassGeneratedBy '/Game/TopDownBP/Maps/TopDownExampleMap.TopDownExampleMap:PersistentLevel.TopDownExampleMap'
[2018.01.31-08.28.20:054][877]LogBlueprintUserMessages: Early EndPlayMap Detection: Level '/Game/TopDownBP/Maps/TopDownExampleMap.TopDownExampleMap:PersistentLevel' has LevelScriptBlueprint '/Game/TopDownBP/Maps/TopDownExampleMap.TopDownExampleMap:PersistentLevel.TopDownExampleMap' with GeneratedClass '/Game/TopDownBP/Maps/TopDownExampleMap.TopDownExampleMap_C' with ClassGeneratedBy '/Game/TopDownBP/Maps/TopDownExampleMap.TopDownExampleMap:PersistentLevel.TopDownExampleMap'
[2018.01.31-08.28.20:118][877]LogBlueprintUserMessages: Late EndPlayMap Detection: Level '/Game/TopDownBP/Maps/TopDownExampleMap.TopDownExampleMap:PersistentLevel' has LevelScriptBlueprint '/Game/TopDownBP/Maps/TopDownExampleMap.TopDownExampleMap:PersistentLevel.TopDownExampleMap' with GeneratedClass '/Game/TopDownBP/Maps/TopDownExampleMap.TopDownExampleMap_C' with ClassGeneratedBy '/Game/TopDownBP/Maps/TopDownExampleMap.TopDownExampleMap:PersistentLevel.TopDownExampleMap'
[2018.01.31-08.29.08:162][276]LogTemp: Repeting last play command: Selected Viewport
[2018.01.31-08.29.08:200][276]LogBlueprintUserMessages: Early PlayInEditor Detection: Level '/Game/TopDownBP/Maps/TopDownExampleMap.TopDownExampleMap:PersistentLevel' has LevelScriptBlueprint '/Game/TopDownBP/Maps/TopDownExampleMap.TopDownExampleMap:PersistentLevel.TopDownExampleMap' with GeneratedClass '/Game/TopDownBP/Maps/TopDownExampleMap.TopDownExampleMap_C' with ClassGeneratedBy '/Game/TopDownBP/Maps/TopDownExampleMap.TopDownExampleMap:PersistentLevel.TopDownExampleMap'
[2018.01.31-08.29.08:200][276]LogPlayLevel: PlayLevel: No blueprints needed recompiling
[2018.01.31-08.29.08:200][276]PIE: New page: PIE session: TopDownExampleMap (Feb 1, 2018, 12:29:08 AM)
[2018.01.31-08.29.08:200][276]LogPlayLevel: Creating play world package: /Game/TopDownBP/Maps/UEDPIE_0_TopDownExampleMap
[2018.01.31-08.29.08:241][276]LogPlayLevel: PIE: StaticDuplicateObject took: (0.040598s)
[2018.01.31-08.29.08:242][276]LogAIModule: Creating AISystem for world TopDownExampleMap
[2018.01.31-08.29.08:242][276]LogPlayLevel: PIE: World Init took: (0.001528s)
[2018.01.31-08.29.08:242][276]LogPlayLevel: PIE: Created PIE world by copying editor world from /Game/TopDownBP/Maps/TopDownExampleMap.TopDownExampleMap to /Game/TopDownBP/Maps/UEDPIE_0_TopDownExampleMap.TopDownExampleMap (0.042456s)
[2018.01.31-08.29.08:259][276]LogInit: XAudio2 using 'Динамики (Realtek High Definition Audio)' : 2 channels at 48 kHz using 32 bits per sample (channel mask 0x3)
[2018.01.31-08.29.08:268][276]LogInit: FAudioDevice initialized.
[2018.01.31-08.29.08:296][276]LogLoad: Game class is 'TopDownGameMode_C'
[2018.01.31-08.29.08:304][276]LogWorld: Bringing World /Game/TopDownBP/Maps/UEDPIE_0_TopDownExampleMap.TopDownExampleMap up for play (max tick rate 0) at 2018.01.31-16.29.08
[2018.01.31-08.29.08:304][276]LogWorld: Bringing up level for play took: 0.006277
[2018.01.31-08.29.08:305][276]LogGameMode:Display: Match State Changed from EnteringMap to WaitingToStart
[2018.01.31-08.29.08:305][276]LogGameState: Match State Changed from EnteringMap to WaitingToStart
[2018.01.31-08.29.08:305][276]LogGameMode:Display: Match State Changed from WaitingToStart to InProgress
[2018.01.31-08.29.08:311][276]LogGameState: Match State Changed from WaitingToStart to InProgress
[2018.01.31-08.29.08:311][276]PIE: Info Play in editor start time for /Game/TopDownBP/Maps/UEDPIE_0_TopDownExampleMap -0.167
[2018.01.31-08.29.08:312][276]LogBlueprintUserMessages: Late PlayInEditor Detection: Level '/Game/TopDownBP/Maps/TopDownExampleMap.TopDownExampleMap:PersistentLevel' has LevelScriptBlueprint '/Game/TopDownBP/Maps/TopDownExampleMap.TopDownExampleMap:PersistentLevel.TopDownExampleMap' with GeneratedClass '/Game/TopDownBP/Maps/TopDownExampleMap.TopDownExampleMap_C' with ClassGeneratedBy '/Game/TopDownBP/Maps/TopDownExampleMap.TopDownExampleMap:PersistentLevel.TopDownExampleMap'
[2018.01.31-08.29.28:546][161]LogSavePackage: Save=492.66ms
[2018.01.31-08.29.28:546][161]LogSavePackage: Moving '../../../../../../Users/user/Desktop/игрули/Game_1337/TopDown/Saved/TopDownExampleMap40DC00C04063B0341A579FAAE09D5D55.tmp' to '../../../../../../Users/user/Desktop/игрули/Game_1337/TopDown/Content/TopDownBP/Maps/TopDownExampleMap.umap'
[2018.01.31-08.29.28:571][161]LogSavePackage:Display: Finished SavePackage ../../../../../../Users/user/Desktop/игрули/Game_1337/TopDown/Content/TopDownBP/Maps/TopDownExampleMap.umap
[2018.01.31-08.29.28:644][161]LogFileHelpers: Saving map 'TopDownExampleMap' took 0.813
[2018.01.31-08.29.28:905][161]LogBlueprintUserMessages: Early EndPlayMap Detection: Level '/Game/TopDownBP/Maps/TopDownExampleMap.TopDownExampleMap:PersistentLevel' has LevelScriptBlueprint '/Game/TopDownBP/Maps/TopDownExampleMap.TopDownExampleMap:PersistentLevel.TopDownExampleMap' with GeneratedClass '/Game/TopDownBP/Maps/TopDownExampleMap.TopDownExampleMap_C' with ClassGeneratedBy '/Game/TopDownBP/Maps/TopDownExampleMap.TopDownExampleMap:PersistentLevel.TopDownExampleMap'
[2018.01.31-08.29.28:958][161]LogBlueprintUserMessages: Late EndPlayMap Detection: Level '/Game/TopDownBP/Maps/TopDownExampleMap.TopDownExampleMap:PersistentLevel' has LevelScriptBlueprint '/Game/TopDownBP/Maps/TopDownExampleMap.TopDownExampleMap:PersistentLevel.TopDownExampleMap' with GeneratedClass '/Game/TopDownBP/Maps/TopDownExampleMap.TopDownExampleMap_C' with ClassGeneratedBy '/Game/TopDownBP/Maps/TopDownExampleMap.TopDownExampleMap:PersistentLevel.TopDownExampleMap'
[2018.01.31-08.29.29:143][162]Cmd: QUIT_EDITOR
[2018.01.31-08.29.29:318][162]LogExit: Preparing to exit.
[2018.01.31-08.29.29:867][162]LogDirectoryWatcher: A directory notification for 'C:/Users/user/Desktop/игрули/Game_1337/TopDown/Content/' was aborted.
[2018.01.31-08.29.29:960][162]LogExit: Editor shut down
[2018.01.31-08.29.29:968][162]LogExit: Transaction tracking system shut down
[2018.01.31-08.29.30:452][162]LogObj: Freed 0b from 0 cluster array pools.
[2018.01.31-08.29.30:452][162]LogExit: Object subsystem successfully closed.
[2018.01.31-08.29.30:548][162]LogD3D11RHI: Shutdown
[2018.01.31-08.29.30:548][162]LogD3D11RHI: CleanupD3DDevice
[2018.01.31-08.29.30:716][162]LogD3D11RHI: ~FD3D11DynamicRHI
[2018.01.31-08.29.31:095][162]LogModuleManager: Shutting down and abandoning module MovieSceneCapture (526)
[2018.01.31-08.29.31:095][162]LogModuleManager: Shutting down and abandoning module HierarchicalLODOutliner (524)
[2018.01.31-08.29.31:095][162]LogModuleManager: Shutting down and abandoning module CrashTracker (522)
[2018.01.31-08.29.31:095][162]LogModuleManager: Shutting down and abandoning module SceneOutliner (520)
[2018.01.31-08.29.31:095][162]LogModuleManager: Shutting down and abandoning module AddContentDialog (518)
[2018.01.31-08.29.31:096][162]LogDirectoryWatcher: A directory notification for 'C:/Program Files/Epic Games/UE_4.16/FeaturePacks/' was aborted.
[2018.01.31-08.29.31:097][162]LogModuleManager: Shutting down and abandoning module WidgetCarousel (517)
[2018.01.31-08.29.31:097][162]LogModuleManager: Shutting down and abandoning module EditorWidgets (514)
[2018.01.31-08.29.31:097][162]LogModuleManager: Shutting down and abandoning module CollectionManager (512)
[2018.01.31-08.29.31:097][162]LogDirectoryWatcher: A directory notification for 'C:/Users/user/Desktop/игрули/Game_1337/TopDown/Content/Collections/' was aborted.
[2018.01.31-08.29.31:097][162]LogDirectoryWatcher: A directory notification for 'C:/Users/user/Desktop/игрули/Game_1337/TopDown/Content/Developers/user/Collections/' was aborted.
[2018.01.31-08.29.31:097][162]LogDirectoryWatcher: A directory notification for 'C:/Users/user/Desktop/игрули/Game_1337/TopDown/Saved/Collections/' was aborted.
[2018.01.31-08.29.31:098][162]LogModuleManager: Shutting down and abandoning module StatsViewer (510)
[2018.01.31-08.29.31:098][162]LogModuleManager: Shutting down and abandoning module FoliageEdit (508)
[2018.01.31-08.29.31:098][162]LogModuleManager: Shutting down and abandoning module LandscapeEditor (506)
[2018.01.31-08.29.31:109][162]LogModuleManager: Shutting down and abandoning module MeshPaintMode (504)
[2018.01.31-08.29.31:109][162]LogModuleManager: Shutting down and abandoning module SceneDepthPickerMode (502)
[2018.01.31-08.29.31:109][162]LogModuleManager: Shutting down and abandoning module ActorPickerMode (500)
[2018.01.31-08.29.31:109][162]LogModuleManager: Shutting down and abandoning module GeometryMode (498)
[2018.01.31-08.29.31:109][162]LogModuleManager: Shutting down and abandoning module TextureAlignMode (496)
[2018.01.31-08.29.31:109][162]LogModuleManager: Shutting down and abandoning module BspMode (494)
[2018.01.31-08.29.31:109][162]LogModuleManager: Shutting down and abandoning module HardwareSurvey (492)
[2018.01.31-08.29.31:109][162]LogModuleManager: Shutting down and abandoning module SequenceRecorderSections (490)
[2018.01.31-08.29.31:109][162]LogModuleManager: Shutting down and abandoning module AutomationWorker (488)
[2018.01.31-08.29.31:109][162]LogModuleManager: Shutting down and abandoning module MatineeToLevelSequence (486)
[2018.01.31-08.29.31:109][162]LogModuleManager: Shutting down and abandoning module LevelSequenceEditor (484)
[2018.01.31-08.29.31:115][162]LogModuleManager: Shutting down and abandoning module PlacementMode (483)
[2018.01.31-08.29.31:115][162]LogModuleManager: Shutting down and abandoning module WmfMediaFactory (480)
[2018.01.31-08.29.31:115][162]LogModuleManager: Shutting down and abandoning module WmfMediaEditor (478)
[2018.01.31-08.29.31:115][162]LogModuleManager: Shutting down and abandoning module AvfMediaFactory (476)
[2018.01.31-08.29.31:115][162]LogModuleManager: Shutting down and abandoning module AvfMediaEditor (474)
[2018.01.31-08.29.31:115][162]LogModuleManager: Shutting down and abandoning module AndroidMediaFactory (472)
[2018.01.31-08.29.31:115][162]LogModuleManager: Shutting down and abandoning module Media (471)
[2018.01.31-08.29.31:115][162]LogModuleManager: Shutting down and abandoning module AndroidMediaEditor (468)
[2018.01.31-08.29.31:115][162]LogModuleManager: Shutting down and abandoning module CharacterAI (466)
[2018.01.31-08.29.31:115][162]LogModuleManager: Shutting down and abandoning module AudioCapture (464)
[2018.01.31-08.29.31:115][162]LogModuleManager: Shutting down and abandoning module SequenceRecorder (463)
[2018.01.31-08.29.31:115][162]LogModuleManager: Shutting down and abandoning module SmartSnapping (460)
[2018.01.31-08.29.31:115][162]LogModuleManager: Shutting down and abandoning module SessionServices (458)
[2018.01.31-08.29.31:115][162]LogModuleManager: Shutting down and abandoning module ViewportSnapping (456)
[2018.01.31-08.29.31:115][162]LogModuleManager: Shutting down and abandoning module ViewportInteraction (454)
[2018.01.31-08.29.31:115][162]LogModuleManager: Shutting down and abandoning module ClothPainter (452)
[2018.01.31-08.29.31:126][162]LogModuleManager: Shutting down and abandoning module LogVisualizer (450)
[2018.01.31-08.29.31:139][162]LogModuleManager: Shutting down and abandoning module IntroTutorials (448)
[2018.01.31-08.29.31:141][162]LogModuleManager: Shutting down and abandoning module GameProjectGeneration (447)
[2018.01.31-08.29.31:157][162]LogModuleManager: Shutting down and abandoning module EditorLiveStreaming (444)
[2018.01.31-08.29.31:157][162]LogModuleManager: Shutting down and abandoning module IOSPlatformEditor (442)
[2018.01.31-08.29.31:162][162]LogModuleManager: Shutting down and abandoning module HTML5PlatformEditor (440)
[2018.01.31-08.29.31:162][162]LogModuleManager: Shutting down and abandoning module AndroidPlatformEditor (438)
[2018.01.31-08.29.31:162][162]LogModuleManager: Shutting down and abandoning module AndroidDeviceDetection (437)
[2018.01.31-08.29.31:794][162]LogModuleManager: Shutting down and abandoning module IOSRuntimeSettings (434)
[2018.01.31-08.29.31:794][162]LogModuleManager: Shutting down and abandoning module AndroidRuntimeSettings (432)
[2018.01.31-08.29.31:794][162]LogModuleManager: Shutting down and abandoning module InputBindingEditor (430)
[2018.01.31-08.29.31:801][162]LogModuleManager: Shutting down and abandoning module MergeActors (428)
[2018.01.31-08.29.31:837][162]LogModuleManager: Shutting down and abandoning module SizeMap (426)
[2018.01.31-08.29.31:837][162]LogModuleManager: Shutting down and abandoning module TreeMap (424)
[2018.01.31-08.29.31:855][162]LogModuleManager: Shutting down and abandoning module ReferenceViewer (422)
[2018.01.31-08.29.31:855][162]LogModuleManager: Shutting down and abandoning module LocalizationDashboard (420)
[2018.01.31-08.29.31:893][162]LogModuleManager: Shutting down and abandoning module LocalizationService (419)
[2018.01.31-08.29.31:893][162]LogModuleManager: Shutting down and abandoning module HardwareTargeting (416)
[2018.01.31-08.29.31:893][162]LogModuleManager: Shutting down and abandoning module DeviceProfileEditor (414)
[2018.01.31-08.29.31:932][162]LogModuleManager: Shutting down and abandoning module UndoHistory (412)
[2018.01.31-08.29.31:932][162]LogModuleManager: Shutting down and abandoning module UserFeedback (410)
[2018.01.31-08.29.31:932][162]LogModuleManager: Shutting down and abandoning module XmlParser (408)
[2018.01.31-08.29.31:932][162]LogModuleManager: Shutting down and abandoning module Blutility (406)
[2018.01.31-08.29.31:932][162]LogModuleManager: Shutting down and abandoning module ProjectSettingsViewer (404)
[2018.01.31-08.29.31:932][162]LogModuleManager: Shutting down and abandoning module ProjectTargetPlatformEditor (403)
[2018.01.31-08.29.31:932][162]LogModuleManager: Shutting down and abandoning module EditorSettingsViewer (400)
[2018.01.31-08.29.31:932][162]LogModuleManager: Shutting down and abandoning module SettingsEditor (398)
[2018.01.31-08.29.31:932][162]LogModuleManager: Shutting down and abandoning module ProjectLauncher (396)
[2018.01.31-08.29.31:971][162]LogModuleManager: Shutting down and abandoning module SessionFrontend (394)
[2018.01.31-08.29.31:985][162]LogModuleManager: Shutting down and abandoning module ProfilerClient (392)
[2018.01.31-08.29.31:992][162]LogModuleManager: Shutting down and abandoning module DeviceManager (390)
[2018.01.31-08.29.32:000][162]LogModuleManager: Shutting down and abandoning module TargetDeviceServices (389)
[2018.01.31-08.29.32:040][162]LogModuleManager: Shutting down and abandoning module AutomationController (386)
[2018.01.31-08.29.32:040][162]LogModuleManager: Shutting down and abandoning module AutomationWindow (384)
[2018.01.31-08.29.32:065][162]LogModuleManager: Shutting down and abandoning module Layers (382)
[2018.01.31-08.29.32:098][162]LogModuleManager: Shutting down and abandoning module ComponentVisualizers (380)
[2018.01.31-08.29.32:098][162]LogModuleManager: Shutting down and abandoning module DetailCustomizations (378)
[2018.01.31-08.29.32:098][162]LogModuleManager: Shutting down and abandoning module PackagesDialog (376)
[2018.01.31-08.29.32:098][162]LogModuleManager: Shutting down and abandoning module Persona (374)
[2018.01.31-08.29.32:130][162]LogModuleManager: Shutting down and abandoning module AdvancedPreviewScene (373)
[2018.01.31-08.29.32:130][162]LogModuleManager: Shutting down and abandoning module AnimGraph (371)
[2018.01.31-08.29.32:130][162]LogModuleManager: Shutting down and abandoning module Kismet (368)
[2018.01.31-08.29.32:131][162]LogModuleManager: Shutting down and abandoning module ClassViewer (366)
[2018.01.31-08.29.32:131][162]LogModuleManager: Shutting down and abandoning module Toolbox (364)
[2018.01.31-08.29.32:131][162]LogModuleManager: Shutting down and abandoning module ModuleUI (362)
[2018.01.31-08.29.32:215][162]LogModuleManager: Shutting down and abandoning module MovieSceneTools (360)
[2018.01.31-08.29.32:247][162]LogModuleManager: Shutting down and abandoning module OutputLog (358)
[2018.01.31-08.29.32:247][162]LogModuleManager: Shutting down and abandoning module GammaUI (356)
[2018.01.31-08.29.32:265][162]LogModuleManager: Shutting down and abandoning module Documentation (354)
[2018.01.31-08.29.32:265][162]LogModuleManager: Shutting down and abandoning module MovieSceneTracks (352)
[2018.01.31-08.29.32:265][162]LogModuleManager: Shutting down and abandoning module MovieScene (350)
[2018.01.31-08.29.32:265][162]LogModuleManager: Shutting down and abandoning module Niagara (348)
[2018.01.31-08.29.32:265][162]LogModuleManager: Shutting down and abandoning module NiagaraEditor (347)
[2018.01.31-08.29.32:270][162]LogModuleManager: Shutting down and abandoning module StreamingPauseRendering (344)
[2018.01.31-08.29.32:270][162]LogModuleManager: Shutting down and abandoning module AnalyticsET (342)
[2018.01.31-08.29.32:270][162]LogModuleManager: Shutting down and abandoning module PortalServices (340)
[2018.01.31-08.29.32:270][162]LogModuleManager: Shutting down and abandoning module PortalRpc (338)
[2018.01.31-08.29.32:270][162]LogModuleManager: Shutting down and abandoning module MessagingRpc (336)
[2018.01.31-08.29.32:270][162]LogModuleManager: Shutting down and abandoning module AIModule (334)
[2018.01.31-08.29.32:270][162]LogModuleManager: Shutting down and abandoning module GameplayDebugger (333)
[2018.01.31-08.29.32:270][162]LogModuleManager: Shutting down and abandoning module AITestSuite (331)
[2018.01.31-08.29.32:270][162]LogModuleManager: Shutting down and abandoning module ProfilerService (328)
[2018.01.31-08.29.32:373][162]LogModuleManager: Shutting down and abandoning module TaskGraph (326)
[2018.01.31-08.29.32:399][162]LogModuleManager: Shutting down and abandoning module SteamVRController (324)
[2018.01.31-08.29.32:399][162]LogModuleManager: Shutting down and abandoning module SteamVR (322)
[2018.01.31-08.29.32:399][162]LogModuleManager: Shutting down and abandoning module ProceduralMeshComponentEditor (320)
[2018.01.31-08.29.32:399][162]LogModuleManager: Shutting down and abandoning module ProceduralMeshComponent (318)
[2018.01.31-08.29.32:399][162]LogModuleManager: Shutting down and abandoning module OculusLibrary (316)
[2018.01.31-08.29.32:399][162]LogModuleManager: Shutting down and abandoning module OculusInput (314)
[2018.01.31-08.29.32:399][162]LogModuleManager: Shutting down and abandoning module MobilePatchingUtils (312)
[2018.01.31-08.29.32:399][162]LogModuleManager: Shutting down and abandoning module CustomMeshComponent (310)
[2018.01.31-08.29.32:399][162]LogModuleManager: Shutting down and abandoning module CableComponent (308)
[2018.01.31-08.29.32:399][162]LogModuleManager: Shutting down and abandoning module ArchVisCharacter (306)
[2018.01.31-08.29.32:399][162]LogModuleManager: Shutting down and abandoning module AndroidPermission (304)
[2018.01.31-08.29.32:399][162]LogModuleManager: Shutting down and abandoning module MediaPlayerEditor (300)
[2018.01.31-08.29.32:409][162]LogModuleManager: Shutting down and abandoning module HTML5Networking (298)
[2018.01.31-08.29.32:409][162]LogModuleManager: Shutting down and abandoning module AlembicImporter (296)
[2018.01.31-08.29.32:417][162]LogModuleManager: Shutting down and abandoning module AlembicLibrary (295)
[2018.01.31-08.29.32:417][162]LogModuleManager: Shutting down and abandoning module GeometryCache (294)
[2018.01.31-08.29.32:417][162]LogModuleManager: Shutting down and abandoning module GeometryCacheEd (293)
[2018.01.31-08.29.32:417][162]LogModuleManager: Shutting down and abandoning module SuperSearchEditor (288)
[2018.01.31-08.29.32:417][162]LogModuleManager: Shutting down and abandoning module SuperSearch (287)
[2018.01.31-08.29.32:417][162]LogModuleManager: Shutting down and abandoning module SpeedTreeImporter (284)
[2018.01.31-08.29.32:417][162]LogModuleManager: Shutting down and abandoning module PluginBrowser (282)
[2018.01.31-08.29.32:417][162]LogModuleManager: Shutting down and abandoning module MobileLauncherProfileWizard (280)
[2018.01.31-08.29.32:417][162]LogModuleManager: Shutting down and abandoning module VisualStudioSourceCodeAccess (278)
[2018.01.31-08.29.32:417][162]LogModuleManager: Shutting down and abandoning module DesktopPlatform (277)
[2018.01.31-08.29.32:417][162]LogModuleManager: Shutting down and abandoning module UObjectPlugin (274)
[2018.01.31-08.29.32:417][162]LogModuleManager: Shutting down and abandoning module SubversionSourceControl (272)
[2018.01.31-08.29.32:417][162]LogModuleManager: Shutting down and abandoning module PerforceSourceControl (270)
[2018.01.31-08.29.32:417][162]LogModuleManager: Shutting down and abandoning module GitSourceControl (268)
[2018.01.31-08.29.32:417][162]LogModuleManager: Shutting down and abandoning module SourceControl (267)
[2018.01.31-08.29.32:417][162]LogModuleManager: Shutting down and abandoning module LightPropagationVolumeEditor (264)
[2018.01.31-08.29.32:418][162]LogModuleManager: Shutting down and abandoning module PaperTiledImporter (262)
[2018.01.31-08.29.32:418][162]LogModuleManager: Shutting down and abandoning module PaperSpriteSheetImporter (260)
[2018.01.31-08.29.32:418][162]LogModuleManager: Shutting down and abandoning module Paper2DEditor (258)
[2018.01.31-08.29.32:418][162]LogModuleManager: Shutting down and abandoning module MeshPaint (257)
[2018.01.31-08.29.32:418][162]LogModuleManager: Shutting down and abandoning module LevelEditor (255)
[2018.01.31-08.29.32:419][162]LogModuleManager: Shutting down and abandoning module PixelInspectorModule (254)
[2018.01.31-08.29.32:419][162]LogModuleManager: Shutting down and abandoning module MainFrame (252)
[2018.01.31-08.29.32:419][162]LogModuleManager: Shutting down and abandoning module HotReload (251)
[2018.01.31-08.29.32:420][162]LogModuleManager: Shutting down and abandoning module PhysXVehiclesEditor (246)
[2018.01.31-08.29.32:420][162]LogModuleManager: Shutting down and abandoning module PhysXVehicles (244)
[2018.01.31-08.29.32:420][162]LogModuleManager: Shutting down and abandoning module LocationServicesBPLibrary (242)
[2018.01.31-08.29.32:420][162]LogModuleManager: Shutting down and abandoning module ImmediatePhysicsEditor (240)
[2018.01.31-08.29.32:420][162]LogModuleManager: Shutting down and abandoning module ImmediatePhysics (238)
[2018.01.31-08.29.32:420][162]LogModuleManager: Shutting down and abandoning module UdpMessaging (236)
[2018.01.31-08.29.32:520][162]LogModuleManager: Shutting down and abandoning module TcpMessaging (234)
[2018.01.31-08.29.32:620][162]LogModuleManager: Shutting down and abandoning module GameplayTagsEditor (232)
[2018.01.31-08.29.32:620][162]LogModuleManager: Shutting down and abandoning module FacialAnimationEditor (230)
[2018.01.31-08.29.32:620][162]LogModuleManager: Shutting down and abandoning module FacialAnimation (228)
[2018.01.31-08.29.32:620][162]LogModuleManager: Shutting down and abandoning module AssetManagerEditor (226)
[2018.01.31-08.29.32:639][162]LogModuleManager: Shutting down and abandoning module GraphEditor (225)
[2018.01.31-08.29.32:664][162]LogModuleManager: Shutting down and abandoning module ContentBrowser (223)
[2018.01.31-08.29.32:665][162]LogModuleManager: Shutting down and abandoning module LightPropagationVolumeRuntime (220)
[2018.01.31-08.29.32:665][162]LogModuleManager: Shutting down and abandoning module Paper2D (218)
[2018.01.31-08.29.32:675][162]LogModuleManager: Shutting down and abandoning module WindowsMoviePlayer (216)
[2018.01.31-08.29.32:675][162]LogModuleManager: Shutting down and abandoning module WmfMedia (214)
[2018.01.31-08.29.32:681][162]LogModuleManager: Shutting down and abandoning module ClothingSystemEditor (212)
[2018.01.31-08.29.32:681][162]LogModuleManager: Shutting down and abandoning module ClothingSystemRuntime (210)
[2018.01.31-08.29.32:711][162]LogModuleManager: Shutting down and abandoning module MediaAssets (208)
[2018.01.31-08.29.32:711][162]LogModuleManager: Shutting down and abandoning module GameLiveStreaming (206)
[2018.01.31-08.29.32:711][162]LogModuleManager: Shutting down and abandoning module VREditor (204)
[2018.01.31-08.29.32:711][162]LogModuleManager: Shutting down and abandoning module StringTableEditor (202)
[2018.01.31-08.29.32:734][162]LogModuleManager: Shutting down and abandoning module GameplayTasksEditor (200)
[2018.01.31-08.29.32:734][162]LogModuleManager: Shutting down and abandoning module BehaviorTreeEditor (198)
[2018.01.31-08.29.32:752][162]LogModuleManager: Shutting down and abandoning module FunctionalTesting (196)
[2018.01.31-08.29.32:752][162]LogModuleManager: Shutting down and abandoning module CollisionAnalyzer (194)
[2018.01.31-08.29.32:802][162]LogModuleManager: Shutting down and abandoning module UMG (192)
[2018.01.31-08.29.32:818][162]LogModuleManager: Shutting down and abandoning module UMGEditor (191)
[2018.01.31-08.29.32:853][162]LogModuleManager: Shutting down and abandoning module Sequencer (190)
[2018.01.31-08.29.32:873][162]LogModuleManager: Shutting down and abandoning module AssetTools (188)
[2018.01.31-08.29.32:901][162]LogModuleManager: Shutting down and abandoning module MessageLog (187)
[2018.01.31-08.29.32:901][162]LogModuleManager: Shutting down and abandoning module WorkspaceMenuStructure (186)
[2018.01.31-08.29.32:901][162]LogModuleManager: Shutting down and abandoning module SlateReflector (180)
[2018.01.31-08.29.32:911][162]LogModuleManager: Shutting down and abandoning module Slate (178)
[2018.01.31-08.29.32:911][162]LogModuleManager: Shutting down and abandoning module EditorStyle (176)
[2018.01.31-08.29.32:914][162]LogModuleManager: Shutting down and abandoning module SourceCodeAccess (174)
[2018.01.31-08.29.32:915][162]LogModuleManager: Shutting down and abandoning module HeadMountedDisplay (172)
[2018.01.31-08.29.32:915][162]LogModuleManager: Shutting down and abandoning module XAudio2 (170)
[2018.01.31-08.29.32:915][162]LogModuleManager: Shutting down and abandoning module Networking (168)
[2018.01.31-08.29.32:915][162]LogModuleManager: Shutting down and abandoning module Core (164)
[2018.01.31-08.29.32:915][162]LogModuleManager: Shutting down and abandoning module AssetRegistry (162)
[2018.01.31-08.29.33:077][162]LogDirectoryWatcher: A directory notification for '../../../Engine/Content/' was aborted.
[2018.01.31-08.29.33:077][162]LogDirectoryWatcher: A directory notification for '../../../../../../Users/user/Desktop/игрули/Game_1337/TopDown/Content/' was aborted.
[2018.01.31-08.29.33:077][162]LogDirectoryWatcher: A directory notification for '../../../Engine/Plugins/2D/Paper2D/Content/' was aborted.
[2018.01.31-08.29.33:077][162]LogDirectoryWatcher: A directory notification for '../../../Engine/Plugins/Runtime/GearVR/Content/' was aborted.
[2018.01.31-08.29.33:083][162]LogModuleManager: Shutting down and abandoning module DirectoryWatcher (161)
[2018.01.31-08.29.33:084][162]LogModuleManager: Shutting down and abandoning module KismetCompiler (158)
[2018.01.31-08.29.33:084][162]LogModuleManager: Shutting down and abandoning module PhysXFormats (156)
[2018.01.31-08.29.33:084][162]LogModuleManager: Shutting down and abandoning module MeshUtilities (154)
[2018.01.31-08.29.33:085][162]LogModuleManager: Shutting down and abandoning module SimplygonSwarm (153)
[2018.01.31-08.29.33:085][162]LogModuleManager: Shutting down and abandoning module SimplygonMeshReduction (151)
[2018.01.31-08.29.33:085][162]LogModuleManager: Shutting down and abandoning module QuadricMeshReduction (149)
[2018.01.31-08.29.33:085][162]LogModuleManager: Shutting down and abandoning module LevelSequence (146)
[2018.01.31-08.29.33:085][162]LogModuleManager: Shutting down and abandoning module DerivedDataCache (144)
[2018.01.31-08.29.33:146][162]LogDerivedDataCache: Shutdown
[2018.01.31-08.29.33:146][162]LogModuleManager: Shutting down and abandoning module TargetPlatform (142)
[2018.01.31-08.29.33:146][162]LogModuleManager: Shutting down and abandoning module VulkanShaderFormat (141)
[2018.01.31-08.29.33:146][162]LogModuleManager: Shutting down and abandoning module ShaderFormatVectorVM (139)
[2018.01.31-08.29.33:160][162]LogModuleManager: Shutting down and abandoning module ShaderFormatOpenGL (137)
[2018.01.31-08.29.33:166][162]LogModuleManager: Shutting down and abandoning module ShaderFormatD3D (135)
[2018.01.31-08.29.33:166][162]LogModuleManager: Shutting down and abandoning module MetalShaderFormat (133)
[2018.01.31-08.29.33:172][162]LogModuleManager: Shutting down and abandoning module TextureFormatUncompressed (131)
[2018.01.31-08.29.33:172][162]LogModuleManager: Shutting down and abandoning module TextureFormatPVR (129)
[2018.01.31-08.29.33:172][162]LogModuleManager: Shutting down and abandoning module TextureFormatDXT (127)
[2018.01.31-08.29.33:172][162]LogModuleManager: Shutting down and abandoning module TextureFormatIntelISPCTexComp (125)
[2018.01.31-08.29.33:179][162]LogModuleManager: Shutting down and abandoning module TextureFormatASTC (123)
[2018.01.31-08.29.33:179][162]LogModuleManager: Shutting down and abandoning module ImageWrapper (122)
[2018.01.31-08.29.33:179][162]LogModuleManager: Shutting down and abandoning module TextureFormatAndroid (119)
[2018.01.31-08.29.33:179][162]LogModuleManager: Shutting down and abandoning module AudioFormatOpus (117)
[2018.01.31-08.29.33:179][162]LogModuleManager: Shutting down and abandoning module AudioFormatOgg (115)
[2018.01.31-08.29.33:179][162]LogModuleManager: Shutting down and abandoning module AudioFormatADPCM (113)
[2018.01.31-08.29.33:179][162]LogModuleManager: Shutting down and abandoning module LinuxTargetPlatform (111)
[2018.01.31-08.29.33:179][162]LogModuleManager: Shutting down and abandoning module LinuxServerTargetPlatform (109)
[2018.01.31-08.29.33:179][162]LogModuleManager: Shutting down and abandoning module LinuxNoEditorTargetPlatform (107)
[2018.01.31-08.29.33:179][162]LogModuleManager: Shutting down and abandoning module LinuxClientTargetPlatform (105)
[2018.01.31-08.29.33:180][162]LogModuleManager: Shutting down and abandoning module TVOSTargetPlatform (103)
[2018.01.31-08.29.33:180][162]LogModuleManager: Shutting down and abandoning module Messaging (101)
[2018.01.31-08.29.33:180][162]LogModuleManager: Shutting down and abandoning module IOSTargetPlatform (99)
[2018.01.31-08.29.33:180][162]LogModuleManager: Shutting down and abandoning module HTML5TargetPlatform (97)
[2018.01.31-08.29.33:180][162]LogModuleManager: Shutting down and abandoning module Android_PVRTCTargetPlatform (95)
[2018.01.31-08.29.33:180][162]LogModuleManager: Shutting down and abandoning module Android_MultiTargetPlatform (93)
[2018.01.31-08.29.33:180][162]LogModuleManager: Shutting down and abandoning module Android_ETC2TargetPlatform (91)
[2018.01.31-08.29.33:180][162]LogModuleManager: Shutting down and abandoning module Android_ETC1TargetPlatform (89)
[2018.01.31-08.29.33:180][162]LogModuleManager: Shutting down and abandoning module Android_DXTTargetPlatform (87)
[2018.01.31-08.29.33:180][162]LogModuleManager: Shutting down and abandoning module Android_ATCTargetPlatform (85)
[2018.01.31-08.29.33:180][162]LogModuleManager: Shutting down and abandoning module Android_ASTCTargetPlatform (83)
[2018.01.31-08.29.33:180][162]LogModuleManager: Shutting down and abandoning module AndroidTargetPlatform (81)
[2018.01.31-08.29.33:180][162]LogModuleManager: Shutting down and abandoning module WindowsTargetPlatform (79)
[2018.01.31-08.29.33:180][162]LogModuleManager: Shutting down and abandoning module WindowsServerTargetPlatform (77)
[2018.01.31-08.29.33:180][162]LogModuleManager: Shutting down and abandoning module WindowsNoEditorTargetPlatform (75)
[2018.01.31-08.29.33:180][162]LogModuleManager: Shutting down and abandoning module WindowsClientTargetPlatform (73)
[2018.01.31-08.29.33:180][162]LogModuleManager: Shutting down and abandoning module MacTargetPlatform (71)
[2018.01.31-08.29.33:180][162]LogModuleManager: Shutting down and abandoning module MacServerTargetPlatform (69)
[2018.01.31-08.29.33:180][162]LogModuleManager: Shutting down and abandoning module MacNoEditorTargetPlatform (67)
[2018.01.31-08.29.33:180][162]LogModuleManager: Shutting down and abandoning module MacClientTargetPlatform (65)
[2018.01.31-08.29.33:180][162]LogModuleManager: Shutting down and abandoning module AllDesktopTargetPlatform (63)
[2018.01.31-08.29.33:180][162]LogModuleManager: Shutting down and abandoning module InputCore (60)
[2018.01.31-08.29.33:180][162]LogModuleManager: Shutting down and abandoning module Settings (58)
[2018.01.31-08.29.33:180][162]LogModuleManager: Shutting down and abandoning module OculusRift (56)
[2018.01.31-08.29.33:184][162]LogModuleManager: Shutting down and abandoning module GearVRController (54)
[2018.01.31-08.29.33:184][162]LogModuleManager: Shutting down and abandoning module GearVR (52)
[2018.01.31-08.29.33:194][162]LogModuleManager: Shutting down and abandoning module ExampleDeviceProfileSelector (50)
[2018.01.31-08.29.33:194][162]LogModuleManager: Shutting down and abandoning module OnlineBlueprintSupport (48)
[2018.01.31-08.29.33:194][162]LogModuleManager: Shutting down and abandoning module OnlineSubsystem (44)
[2018.01.31-08.29.33:194][162]LogOnline:Display: Unloading online subsystem: NULL
[2018.01.31-08.29.33:200][162]LogModuleManager: Shutting down and abandoning module XMPP (43)
[2018.01.31-08.29.33:206][162]LogModuleManager: Shutting down and abandoning module HTTP (41)
[2018.01.31-08.29.33:206][162]LogHttp:Display: Http module shutting down, but needs to wait on 1 outstanding Http requests:
[2018.01.31-08.29.33:206][162]LogHttp:Display: 	verb=[POST] url=[https://datarouter.ol.epicgames.com/datarouter/api/v1/public/data?SessionID=%7B90070139-401D-2A54-EAF6-6E98FA8B96DD%7D&AppID=UEEditor.Rocket.Release&AppVersion=4.16.1-3466753%2B%2B%2BUE4%2BRelease-4.16&UserID=b40fdee94d08cc930d4c9f8810bfe08b%7C14e3444cedb046c5b1184daa4907dc2a%7C75a9f1d3-b5f3-415b-9435-d5b504f9bc92&AppEnvironment=datacollector-binary&UploadType=eteventstream] status=Processing
[2018.01.31-08.29.33:208][162]LogModuleManager: Shutting down and abandoning module SSL (40)
[2018.01.31-08.29.33:210][162]LogModuleManager: Shutting down and abandoning module HTTPChunkInstaller (36)
[2018.01.31-08.29.33:216][162]LogModuleManager: Shutting down and abandoning module AnimationModifiers (34)
[2018.01.31-08.29.33:223][162]LogModuleManager: Shutting down and abandoning module PropertyEditor (33)
[2018.01.31-08.29.33:223][162]LogModuleManager: Shutting down and abandoning module AudioEditor (30)
[2018.01.31-08.29.33:231][162]LogModuleManager: Shutting down and abandoning module TextureCompressor (28)
[2018.01.31-08.29.33:231][162]LogModuleManager: Shutting down and abandoning module ShaderCore (26)
[2018.01.31-08.29.33:232][162]LogModuleManager: Shutting down and abandoning module Landscape (24)
[2018.01.31-08.29.33:232][162]LogModuleManager: Shutting down and abandoning module SlateRHIRenderer (22)
[2018.01.31-08.29.33:244][162]LogModuleManager: Shutting down and abandoning module OpenGLDrv (20)
[2018.01.31-08.29.33:253][162]LogModuleManager: Shutting down and abandoning module D3D11RHI (18)
[2018.01.31-08.29.33:253][162]LogModuleManager: Shutting down and abandoning module AnimGraphRuntime (16)
[2018.01.31-08.29.33:253][162]LogModuleManager: Shutting down and abandoning module Renderer (14)
[2018.01.31-08.29.33:253][162]LogModuleManager: Shutting down and abandoning module Engine (12)
[2018.01.31-08.29.33:253][162]LogModuleManager: Shutting down and abandoning module CoreUObject (10)
[2018.01.31-08.29.33:253][162]LogModuleManager: Shutting down and abandoning module NetworkFile (8)
[2018.01.31-08.29.33:253][162]LogModuleManager: Shutting down and abandoning module StreamingFile (6)
[2018.01.31-08.29.33:253][162]LogModuleManager: Shutting down and abandoning module SandboxFile (4)
[2018.01.31-08.29.33:259][162]LogModuleManager: Shutting down and abandoning module PakFile (2)
[2018.01.31-08.29.33:260][162]LogExit: Exiting.
[2018.01.31-08.29.33:284][162]Log file closed, 01/31/18 16:29:33
