[2018.01.25-06.34.09:700][  0]Log file open, 01/25/18 14:34:09
[2018.01.25-06.34.09:700][  0]LogInit:Display: Running engine for game: TopDown
[2018.01.25-06.34.09:700][  0]LogInit:Display: RandInit(-1353552509) SRandInit(-1353552508).
[2018.01.25-06.34.09:700][  0]LogTaskGraph: Started task graph with 4 named threads and 5 total threads.
[2018.01.25-06.34.09:700][  0]LogStats: Stats thread started at 0.084085
[2018.01.25-06.34.09:700][  0]LogInit: Version: 4.9.2-2707645+++depot+UE4-Releases+4.9
[2018.01.25-06.34.09:700][  0]LogInit: API Version: 2672455
[2018.01.25-06.34.09:700][  0]LogInit: Compiled (64-bit): Sep 28 2015 10:25:44
[2018.01.25-06.34.09:700][  0]LogInit: Compiled with Visual C++: 18.00.21005.01
[2018.01.25-06.34.09:700][  0]LogInit: Build Configuration: Development
[2018.01.25-06.34.09:700][  0]LogInit: Branch Name: ++depot+UE4-Releases+4.9
[2018.01.25-06.34.09:700][  0]LogInit: Command line: -EpicPortal 
[2018.01.25-06.34.09:700][  0]LogInit: Base directory: D:/UE_4.9/Engine/Binaries/Win64/
[2018.01.25-06.34.09:700][  0]LogInit: Rocket: 1
[2018.01.25-06.34.09:742][  0]LogInit: Using libcurl 7.41.0
[2018.01.25-06.34.09:742][  0]LogInit:  - built for x86_64-pc-win32
[2018.01.25-06.34.09:742][  0]LogInit:  - supports SSL with WinSSL
[2018.01.25-06.34.09:742][  0]LogInit:  - other features:
[2018.01.25-06.34.09:742][  0]LogInit:      CURL_VERSION_SSL
[2018.01.25-06.34.09:742][  0]LogInit:      CURL_VERSION_IPV6
[2018.01.25-06.34.09:742][  0]LogInit:      CURL_VERSION_ASYNCHDNS
[2018.01.25-06.34.09:742][  0]LogInit:      CURL_VERSION_LARGEFILE
[2018.01.25-06.34.09:742][  0]LogInit:      CURL_VERSION_IDN
[2018.01.25-06.34.09:742][  0]LogInit:  CurlRequestOptions (configurable via config and command line):
[2018.01.25-06.34.09:742][  0]LogInit:  - bVerifyPeer = true  - Libcurl will verify peer certificate
[2018.01.25-06.34.09:742][  0]LogInit:  - bUseHttpProxy = false  - Libcurl will NOT use HTTP proxy
[2018.01.25-06.34.09:742][  0]LogInit:  - bDontReuseConnections = false  - Libcurl will reuse connections
[2018.01.25-06.34.09:742][  0]LogInit:  - CertBundlePath = nullptr  - Libcurl will use whatever was configured at build time.
[2018.01.25-06.34.09:754][  0]LogInit: Presizing for 0 objects not considered by GC, pre-allocating 0 bytes.
[2018.01.25-06.34.09:766][  0]LogInit: Object subsystem initialized
[2018.01.25-06.34.09:769][  0]LogInit: Selected Device Profile: [Windows]
[2018.01.25-06.34.09:769][  0]LogInit: Applying CVar settings loaded from the selected device profile: [Windows]
[2018.01.25-06.34.09:794][  0]LogInit: Computer: 1-ПК
[2018.01.25-06.34.09:794][  0]LogInit: User: 1
[2018.01.25-06.34.09:794][  0]LogInit: CPU Page size=4096, Cores=2
[2018.01.25-06.34.09:794][  0]LogInit: High frequency timer resolution =2.338496 MHz
[2018.01.25-06.34.09:794][  0]LogMemory: Memory total: Physical=3.9GB (4GB approx)
[2018.01.25-06.34.09:794][  0]LogMemory: Platform Memory Stats for Windows
[2018.01.25-06.34.09:794][  0]LogMemory: Process Physical Memory: 60.44 MB used, 60.44 MB peak
[2018.01.25-06.34.09:794][  0]LogMemory: Process Virtual Memory: 63.96 MB used, 63.96 MB peak
[2018.01.25-06.34.09:794][  0]LogMemory: Physical Memory: 3199.37 MB used, 4010.14 MB total
[2018.01.25-06.34.09:794][  0]LogMemory: Virtual Memory: 350.29 MB used, 8388608.00 MB total
[2018.01.25-06.34.09:936][  0]LogTextLocalizationManager: No translations for ('ru-RU') exist, falling back to 'en' for localization and internationalization data.
[2018.01.25-06.34.11:211][  0]LogD3D11RHI: Found D3D11 adapter 0: NVIDIA GeForce 410M (Feature Level 11_0)
[2018.01.25-06.34.11:211][  0]LogD3D11RHI: Adapter has 979MB of dedicated video memory, 0MB of dedicated system memory, and 1749MB of shared system memory, 1 output[s]
[2018.01.25-06.34.11:252][  0]LogD3D11RHI: Found D3D11 adapter 1: NVIDIA GeForce 410M (Feature Level 11_0)
[2018.01.25-06.34.11:252][  0]LogD3D11RHI: Adapter has 979MB of dedicated video memory, 0MB of dedicated system memory, and 1749MB of shared system memory, 0 output[s]
[2018.01.25-06.34.11:252][  0]LogD3D11RHI: Chosen D3D11 Adapter Id = 0
[2018.01.25-06.34.11:261][  0]LogD3D11RHI: !Direct3DDevice
[2018.01.25-06.34.11:261][  0]LogRHI: Texture pool is 1297 MB (70% of 1854 MB)
[2018.01.25-06.34.11:287][  0]LogD3D11RHI: Async texture creation enabled
[2018.01.25-06.34.11:305][  0]LogShaderCompilers: Guid format shader working directory is 15 characters bigger than the processId version (../../../../sergey/UnrealProjects/Game_1337/TopDown/Intermediate/Shaders/WorkingDirectory/5804/).
[2018.01.25-06.34.11:305][  0]LogShaderCompilers: Cleaned the shader compiler working directory '../../../../sergey/UnrealProjects/Game_1337/TopDown/Intermediate/Shaders/tmp/8351810F4DAEDD8E78DBDA9EF3E66C56/'.
[2018.01.25-06.34.11:305][  0]LogShaderCompilers:Display: Using Local Shader Compiler.
[2018.01.25-06.34.13:077][  0]LogTemp:Display: Loaded TP AllDesktopTargetPlatform
[2018.01.25-06.34.13:086][  0]LogTemp:Display: Loaded TP WindowsClientTargetPlatform
[2018.01.25-06.34.13:094][  0]LogTemp:Display: Loaded TP WindowsNoEditorTargetPlatform
[2018.01.25-06.34.13:103][  0]LogTemp:Display: Loaded TP WindowsServerTargetPlatform
[2018.01.25-06.34.13:111][  0]LogTemp:Display: Loaded TP WindowsTargetPlatform
[2018.01.25-06.34.13:117][  0]LogTemp:Display: Loaded TP AndroidTargetPlatform
[2018.01.25-06.34.13:124][  0]LogTemp:Display: Loaded TP Android_ASTCTargetPlatform
[2018.01.25-06.34.13:131][  0]LogTemp:Display: Loaded TP Android_ATCTargetPlatform
[2018.01.25-06.34.13:137][  0]LogTemp:Display: Loaded TP Android_DXTTargetPlatform
[2018.01.25-06.34.13:144][  0]LogTemp:Display: Loaded TP Android_ETC1TargetPlatform
[2018.01.25-06.34.13:150][  0]LogTemp:Display: Loaded TP Android_ETC2TargetPlatform
[2018.01.25-06.34.13:158][  0]LogTemp:Display: Loaded TP Android_PVRTCTargetPlatform
[2018.01.25-06.34.13:161][  0]LogTemp:Display: Loaded TP HTML5TargetPlatform
[2018.01.25-06.34.13:183][  0]LogTemp:Display: Loaded TP IOSTargetPlatform
[2018.01.25-06.34.13:190][  0]LogTemp:Display: Loaded TP LinuxNoEditorTargetPlatform
[2018.01.25-06.34.13:196][  0]LogTemp:Display: Loaded TP LinuxServerTargetPlatform
[2018.01.25-06.34.13:204][  0]LogTemp:Display: Loaded TP LinuxTargetPlatform
[2018.01.25-06.34.13:204][  0]LogTargetPlatformManager:Display: Building Assets For Windows
[2018.01.25-06.34.13:345][  0]LogDerivedDataCache:Display: Max Cache Size: 512 MB
[2018.01.25-06.34.13:409][  0]LogDerivedDataCache: Loaded boot cache 0.06s 41MB C:/Users/1/AppData/Local/UnrealEngine/4.9/DerivedDataCache/Boot.ddc.
[2018.01.25-06.34.13:409][  0]LogDerivedDataCache:Display: Loaded Boot cache: C:/Users/1/AppData/Local/UnrealEngine/4.9/DerivedDataCache/Boot.ddc
[2018.01.25-06.34.13:410][  0]LogDerivedDataCache: FDerivedDataBackendGraph:  Pak pak cache file ../../../../sergey/UnrealProjects/Game_1337/TopDown/DerivedDataCache/DDC.ddp not found, will not use a pak cache.
[2018.01.25-06.34.13:410][  0]LogDerivedDataCache: Unable to find inner node Pak for hierarchical cache Hierarchy.
[2018.01.25-06.34.13:410][  0]LogDerivedDataCache: FDerivedDataBackendGraph:  CompressedPak pak cache file ../../../../sergey/UnrealProjects/Game_1337/TopDown/DerivedDataCache/Compressed.ddp not found, will not use a pak cache.
[2018.01.25-06.34.13:410][  0]LogDerivedDataCache: Unable to find inner node CompressedPak for hierarchical cache Hierarchy.
[2018.01.25-06.34.13:680][  0]LogDerivedDataCache:Display: Pak cache opened for reading ../../../Engine/DerivedDataCache/Compressed.ddp.
[2018.01.25-06.34.13:692][  0]LogDerivedDataCache: Using Local data cache path C:/Users/1/AppData/Local/UnrealEngine/Common/DerivedDataCache: Writable
[2018.01.25-06.34.14:003][  0]LogInit: Selected Device Profile: [Windows]
[2018.01.25-06.34.14:004][  0]LogContentStreaming: Texture pool size is 0.000000MB
[2018.01.25-06.34.14:041][  0]LogMeshUtilities: No automatic mesh reduction module available
[2018.01.25-06.34.14:041][  0]LogMeshUtilities: No automatic mesh merging module available
[2018.01.25-06.34.14:869][  0]LogInit: WinSock: version 1.1 (2.2), MaxSocks=32767, MaxUdp=65467
[2018.01.25-06.34.15:995][  0]UdpMessaging: Initializing bridge on interface 0.0.0.0:0 to multicast group 230.0.0.1:6666.
[2018.01.25-06.34.16:111][  0]LogAssetRegistry: FAssetRegistry took 0.0101 seconds to start up
[2018.01.25-06.34.16:400][  0]SourceControl: Info Source control is disabled
[2018.01.25-06.34.16:400][  0]SourceControl: Info Source control is disabled
[2018.01.25-06.34.16:421][  0]SourceControl: Info Source control is disabled
[2018.01.25-06.34.16:438][  0]SourceControl: Info Source control is disabled
[2018.01.25-06.34.16:682][  0]LogLinker:Warning: Asset '../../../Engine/Plugins/Runtime/LeapMotionController/Content/LM_PassthroughMaterial.uasset' has been saved with empty engine version. The asset will be loaded but may be incompatible.
[2018.01.25-06.34.16:816][  0]LogObj: 28361 objects as part of root set at end of initial load.
[2018.01.25-06.34.16:816][  0]LogUObjectAllocator: 6038864 out of 0 bytes used by permanent object pool.
[2018.01.25-06.34.16:898][  0]LogEngine: Initializing Engine...
[2018.01.25-06.34.16:900][  0]LogHMD: Can't find Oculus library dev build: is proper Runtime installed? Version: 0.7.0.0
[2018.01.25-06.34.16:904][  0]LogHMD: SteamVR failed to initialize.  Err: 110
[2018.01.25-06.34.17:099][  0]LogAIModule: Creating AISystem for world NewWorld
[2018.01.25-06.34.17:112][  0]LogInit: XAudio2 using 'Динамики (Realtek High Definition Audio)' : 2 channels at 44.1 kHz using 16 bits per sample (channel mask 0x3)
[2018.01.25-06.34.17:177][  0]LogInit: FAudioDevice initialized.
[2018.01.25-06.34.17:203][  0]LogDerivedDataCache: Saved boot cache 0.03s 41MB C:/Users/1/AppData/Local/UnrealEngine/4.9/DerivedDataCache/Boot.ddc.
[2018.01.25-06.34.17:209][  0]LogInit: Texture streaming: Enabled
[2018.01.25-06.34.17:220][  0]LogAnalytics: Creating configured Analytics provider AnalyticsET
[2018.01.25-06.34.17:220][  0]LogAnalytics: [UEEditor.Rocket.Release] APIServer = http://et2.epicgames.com/ET2/. AppVersion = 4.9.2-2707645+++depot+UE4-Releases+4.9
[2018.01.25-06.34.17:221][  0]LogAnalytics: [UEEditor.Rocket.Release] SetUserId fdb2de1848db1fa47a6f94acde81dca0|be1dc849c34248278283a980c6ca8968|82021297-a794-427f-b0e0-602fe21b1b06
[2018.01.25-06.34.17:221][  0]LogAnalytics: [UEEditor.Rocket.Release] AnalyticsET::StartSession
[2018.01.25-06.34.17:271][  0]LogInit: Transaction tracking system initialized
[2018.01.25-06.34.17:325][  0]BlueprintLog: New page: Editor Load
[2018.01.25-06.34.17:487][  0]LocalizationService: Info Localization service is disabled
[2018.01.25-06.34.17:608][  0]LogLinker:Warning: Can't find file '/Game/FirstPersonBP/FirstPersonOverview'
[2018.01.25-06.34.17:608][  0]LogLinker:Warning: Can't find file '/Game/FirstPersonBP/FirstPersonOverview'
[2018.01.25-06.34.17:609][  0]LogUObjectGlobals:Warning: Failed to find object 'Class /Game/FirstPersonBP/FirstPersonOverview.FirstPersonOverview_C'
[2018.01.25-06.34.17:631][  0]LogConsoleResponse:Display: 
[2018.01.25-06.34.17:853][  0]LogCook:Display: Done creating registry. It took  0.00s.
[2018.01.25-06.34.17:899][  0]LogFileCache: Scanning file cache for directory 'D:/sergey/UnrealProjects/Game_1337/TopDown/Content/' took 0.03s
[2018.01.25-06.34.17:980][  0]SourceControl: Info Source control is disabled
[2018.01.25-06.34.17:980][  0]Cmd: MAP LOAD FILE="../../../../sergey/UnrealProjects/Game_1337/TopDown/Content/TopDownBP/Maps/TopDownExampleMap.umap" TEMPLATE=0 SHOWPROGRESS=1 FEATURELEVEL=3
[2018.01.25-06.34.17:981][  0]LightingResults: New page: Lighting Build
[2018.01.25-06.34.17:984][  0]MapCheck: New page: Map Check
[2018.01.25-06.34.17:984][  0]LightingResults: New page: Lighting Build
[2018.01.25-06.34.18:010][  0]LogParticles: Destroying 0 GPU particle simulations for FXSystem 0x000000002536E160
[2018.01.25-06.34.18:039][  0]LogLinker:Warning: Asset '../../../../sergey/UnrealProjects/Game_1337/TopDown/Content/Mannequin/Animations/ThirdPerson_AnimBP.uasset' has been saved with empty engine version. The asset will be loaded but may be incompatible.
[2018.01.25-06.34.18:042][  0]LogLinker:Warning: Asset '../../../../sergey/UnrealProjects/Game_1337/TopDown/Content/Mannequin/Animations/ThirdPerson_Jump.uasset' has been saved with empty engine version. The asset will be loaded but may be incompatible.
[2018.01.25-06.34.18:044][  0]LogLinker:Warning: Asset '../../../../sergey/UnrealProjects/Game_1337/TopDown/Content/Mannequin/Animations/ThirdPersonJump_Loop.uasset' has been saved with empty engine version. The asset will be loaded but may be incompatible.
[2018.01.25-06.34.18:055][  0]LogLinker:Warning: Asset '../../../../sergey/UnrealProjects/Game_1337/TopDown/Content/Mannequin/Animations/ThirdPersonJump_Start.uasset' has been saved with empty engine version. The asset will be loaded but may be incompatible.
[2018.01.25-06.34.18:071][  0]LogLinker:Warning: Asset '../../../../sergey/UnrealProjects/Game_1337/TopDown/Content/Mannequin/Animations/ThirdPerson_IdleRun_2D.uasset' has been saved with empty engine version. The asset will be loaded but may be incompatible.
[2018.01.25-06.34.18:072][  0]LogLinker:Warning: Asset '../../../../sergey/UnrealProjects/Game_1337/TopDown/Content/Mannequin/Animations/ThirdPersonIdle.uasset' has been saved with empty engine version. The asset will be loaded but may be incompatible.
[2018.01.25-06.34.18:074][  0]LogLinker:Warning: Asset '../../../../sergey/UnrealProjects/Game_1337/TopDown/Content/Mannequin/Animations/ThirdPersonRun.uasset' has been saved with empty engine version. The asset will be loaded but may be incompatible.
[2018.01.25-06.34.18:075][  0]LogLinker:Warning: Asset '../../../../sergey/UnrealProjects/Game_1337/TopDown/Content/Mannequin/Animations/ThirdPersonWalk.uasset' has been saved with empty engine version. The asset will be loaded but may be incompatible.
[2018.01.25-06.34.19:182][  0]LogLinker:Warning: CreateExport: Failed to load Parent for Function /Game/TopDownBP/Blueprints/Inventory/Item/Items/Base_Items/Item_aid_base.Item_aid_base_C:UserConstructionScript; removing parent information, but keeping function
[2018.01.25-06.34.19:207][  0]LogLinker:Warning: CreateExport: Failed to load Parent for Function /Game/TopDownBP/Blueprints/Inventory/Item/Items/Base_Items/Item_Statue.Item_Statue_C:UserConstructionScript; removing parent information, but keeping function
[2018.01.25-06.34.19:382][  0]LogLinker:Warning: Can't find file '/Game/12123124'
[2018.01.25-06.34.19:382][  0]LogLinker:Warning: Can't find file for asset '/Game/12123124' while loading ../../../../sergey/UnrealProjects/Game_1337/TopDown/Content/TopDownBP/Maps/TopDownExampleMap.umap.
[2018.01.25-06.34.19:382][  0]LoadErrors:Error: Error /Game/TopDownBP/Maps/TopDownExampleMap : Can't find file for asset. /Game/12123124
[2018.01.25-06.34.19:530][  0]LogLinker:Warning: Can't find file '/Game/12123124'
[2018.01.25-06.34.19:530][  0]LogLinker:Warning: Can't find file for asset '/Game/12123124' while loading ../../../../sergey/UnrealProjects/Game_1337/TopDown/Content/TopDownBP/Maps/TopDownExampleMap.umap.
[2018.01.25-06.34.19:530][  0]LoadErrors:Error: Error /Game/TopDownBP/Maps/TopDownExampleMap : Can't find file for asset. /Game/12123124
[2018.01.25-06.34.19:536][  0]LogLinker:Warning: Can't find file '/Game/12123124'
[2018.01.25-06.34.19:536][  0]LogLinker:Warning: Can't find file for asset '/Game/12123124' while loading NULL.
[2018.01.25-06.34.19:536][  0]LogLinker:Warning: Can't find file '/Game/12123124'
[2018.01.25-06.34.19:537][  0]LogLinker:Warning: Can't find file for asset '/Game/12123124' while loading NULL.
[2018.01.25-06.34.21:140][  0]LogLinker:Warning: Can't find file '/Game/12123124'
[2018.01.25-06.34.21:141][  0]LoadErrors: Info Failed to load /Game/12123124.12123124 Referenced by StaticMeshComponent0
[2018.01.25-06.34.21:141][  0]LogLinker:Warning: Can't find file for asset '/Game/12123124' while loading NULL.
[2018.01.25-06.34.21:141][  0]LoadErrors: Info Failed to load /Game/12123124.12123124 Referenced by StaticMeshComponent0
[2018.01.25-06.34.30:522][  0]LogAIModule: Creating AISystem for world TopDownExampleMap
[2018.01.