[2018.01.25-05.56.54:317][  0]Log file open, 01/25/18 13:56:54
[2018.01.25-05.56.54:317][  0]LogInit:Display: Running engine for game: TopDown
[2018.01.25-05.56.54:317][  0]LogInit:Display: RandInit(2008498577) SRandInit(2008498578).
[2018.01.25-05.56.54:317][  0]LogTaskGraph: Started task graph with 4 named threads and 5 total threads.
[2018.01.25-05.56.54:317][  0]LogStats: Stats thread started at 0.320796
[2018.01.25-05.56.54:317][  0]LogInit: Version: 4.9.2-2707645+++depot+UE4-Releases+4.9
[2018.01.25-05.56.54:317][  0]LogInit: API Version: 2672455
[2018.01.25-05.56.54:317][  0]LogInit: Compiled (64-bit): Sep 28 2015 10:25:44
[2018.01.25-05.56.54:317][  0]LogInit: Compiled with Visual C++: 18.00.21005.01
[2018.01.25-05.56.54:317][  0]LogInit: Build Configuration: Development
[2018.01.25-05.56.54:317][  0]LogInit: Branch Name: ++depot+UE4-Releases+4.9
[2018.01.25-05.56.54:317][  0]LogInit: Command line:  
[2018.01.25-05.56.54:317][  0]LogInit: Base directory: D:/UE_4.9/Engine/Binaries/Win64/
[2018.01.25-05.56.54:317][  0]LogInit: Rocket: 1
[2018.01.25-05.56.54:409][  0]LogInit: Using libcurl 7.41.0
[2018.01.25-05.56.54:409][  0]LogInit:  - built for x86_64-pc-win32
[2018.01.25-05.56.54:409][  0]LogInit:  - supports SSL with WinSSL
[2018.01.25-05.56.54:409][  0]LogInit:  - other features:
[2018.01.25-05.56.54:409][  0]LogInit:      CURL_VERSION_SSL
[2018.01.25-05.56.54:409][  0]LogInit:      CURL_VERSION_IPV6
[2018.01.25-05.56.54:409][  0]LogInit:      CURL_VERSION_ASYNCHDNS
[2018.01.25-05.56.54:409][  0]LogInit:      CURL_VERSION_LARGEFILE
[2018.01.25-05.56.54:409][  0]LogInit:      CURL_VERSION_IDN
[2018.01.25-05.56.54:409][  0]LogInit:  CurlRequestOptions (configurable via config and command line):
[2018.01.25-05.56.54:409][  0]LogInit:  - bVerifyPeer = true  - Libcurl will verify peer certificate
[2018.01.25-05.56.54:409][  0]LogInit:  - bUseHttpProxy = false  - Libcurl will NOT use HTTP proxy
[2018.01.25-05.56.54:409][  0]LogInit:  - bDontReuseConnections = false  - Libcurl will reuse connections
[2018.01.25-05.56.54:409][  0]LogInit:  - CertBundlePath = nullptr  - Libcurl will use whatever was configured at build time.
[2018.01.25-05.56.54:420][  0]LogInit: Presizing for 0 objects not considered by GC, pre-allocating 0 bytes.
[2018.01.25-05.56.54:432][  0]LogInit: Object subsystem initialized
[2018.01.25-05.56.54:434][  0]LogInit: Selected Device Profile: [Windows]
[2018.01.25-05.56.54:434][  0]LogInit: Applying CVar settings loaded from the selected device profile: [Windows]
[2018.01.25-05.56.54:446][  0]LogInit: Computer: 1-ПК
[2018.01.25-05.56.54:446][  0]LogInit: User: 1
[2018.01.25-05.56.54:446][  0]LogInit: CPU Page size=4096, Cores=2
[2018.01.25-05.56.54:446][  0]LogInit: High frequency timer resolution =2.338496 MHz
[2018.01.25-05.56.54:446][  0]LogMemory: Memory total: Physical=3.9GB (4GB approx)
[2018.01.25-05.56.54:446][  0]LogMemory: Platform Memory Stats for Windows
[2018.01.25-05.56.54:446][  0]LogMemory: Process Physical Memory: 60.19 MB used, 60.19 MB peak
[2018.01.25-05.56.54:446][  0]LogMemory: Process Virtual Memory: 63.73 MB used, 63.73 MB peak
[2018.01.25-05.56.54:446][  0]LogMemory: Physical Memory: 2220.82 MB used, 4010.14 MB total
[2018.01.25-05.56.54:446][  0]LogMemory: Virtual Memory: 350.29 MB used, 8388608.00 MB total
[2018.01.25-05.56.55:215][  0]LogTextLocalizationManager: No translations for ('ru-RU') exist, falling back to 'en' for localization and internationalization data.
[2018.01.25-05.56.57:062][  0]LogD3D11RHI: Found D3D11 adapter 0: NVIDIA GeForce 410M (Feature Level 11_0)
[2018.01.25-05.56.57:062][  0]LogD3D11RHI: Adapter has 979MB of dedicated video memory, 0MB of dedicated system memory, and 1749MB of shared system memory, 1 output[s]
[2018.01.25-05.56.57:117][  0]LogD3D11RHI: Found D3D11 adapter 1: NVIDIA GeForce 410M (Feature Level 11_0)
[2018.01.25-05.56.57:118][  0]LogD3D11RHI: Adapter has 979MB of dedicated video memory, 0MB of dedicated system memory, and 1749MB of shared system memory, 0 output[s]
[2018.01.25-05.56.57:118][  0]LogD3D11RHI: Chosen D3D11 Adapter Id = 0
[2018.01.25-05.56.57:218][  0]LogD3D11RHI: !Direct3DDevice
[2018.01.25-05.56.57:219][  0]LogRHI: Texture pool is 1297 MB (70% of 1854 MB)
[2018.01.25-05.56.57:261][  0]LogD3D11RHI: Async texture creation enabled
[2018.01.25-05.56.58:861][  0]LogShaderCompilers: Guid format shader working directory is 15 characters bigger than the processId version (../../../../sergey/UnrealProjects/TopDown/Intermediate/Shaders/WorkingDirectory/4056/).
[2018.01.25-05.56.58:861][  0]LogShaderCompilers: Cleaned the shader compiler working directory '../../../../sergey/UnrealProjects/TopDown/Intermediate/Shaders/tmp/D9BC6854439A374795039EB4CA4D2ED6/'.
[2018.01.25-05.56.58:889][  0]LogShaderCompilers:Display: Using Local Shader Compiler.
[2018.01.25-05.57.07:066][  0]LogTemp:Display: Loaded TP AllDesktopTargetPlatform
[2018.01.25-05.57.07:105][  0]LogTemp:Display: Loaded TP WindowsClientTargetPlatform
[2018.01.25-05.57.07:124][  0]LogTemp:Display: Loaded TP WindowsNoEditorTargetPlatform
[2018.01.25-05.57.07:150][  0]LogTemp:Display: Loaded TP WindowsServerTargetPlatform
[2018.01.25-05.57.07:186][  0]LogTemp:Display: Loaded TP WindowsTargetPlatform
[2018.01.25-05.57.07:235][  0]LogTemp:Display: Loaded TP AndroidTargetPlatform
[2018.01.25-05.57.07:284][  0]LogTemp:Display: Loaded TP Android_ASTCTargetPlatform
[2018.01.25-05.57.07:302][  0]LogTemp:Display: Loaded TP Android_ATCTargetPlatform
[2018.01.25-05.57.07:337][  0]LogTemp:Display: Loaded TP Android_DXTTargetPlatform
[2018.01.25-05.57.07:353][  0]LogTemp:Display: Loaded TP Android_ETC1TargetPlatform
[2018.01.25-05.57.07:369][  0]LogTemp:Display: Loaded TP Android_ETC2TargetPlatform
[2018.01.25-05.57.07:383][  0]LogTemp:Display: Loaded TP Android_PVRTCTargetPlatform
[2018.01.25-05.57.07:394][  0]LogTemp:Display: Loaded TP HTML5TargetPlatform
[2018.01.25-05.57.07:561][  0]LogTemp:Display: Loaded TP IOSTargetPlatform
[2018.01.25-05.57.07:603][  0]LogTemp:Display: Loaded TP LinuxNoEditorTargetPlatform
[2018.01.25-05.57.07:654][  0]LogTemp:Display: Loaded TP LinuxServerTargetPlatform
[2018.01.25-05.57.07:717][  0]LogTemp:Display: Loaded TP LinuxTargetPlatform
[2018.01.25-05.57.07:717][  0]LogTargetPlatformManager:Display: Building Assets For Windows
[2018.01.25-05.57.18:516][  0]LogDerivedDataCache:Display: Max Cache Size: 512 MB
[2018.01.25-05.57.21:769][  0]LogDerivedDataCache: Loaded boot cache 3.22s 41MB C:/Users/1/AppData/Local/UnrealEngine/4.9/DerivedDataCache/Boot.ddc.
[2018.01.25-05.57.21:769][  0]LogDerivedDataCache:Display: Loaded Boot cache: C:/Users/1/AppData/Local/UnrealEngine/4.9/DerivedDataCache/Boot.ddc
[2018.01.25-05.57.21:769][  0]LogDerivedDataCache: FDerivedDataBackendGraph:  Pak pak cache file ../../../../sergey/UnrealProjects/TopDown/DerivedDataCache/DDC.ddp not found, will not use a pak cache.
[2018.01.25-05.57.21:769][  0]LogDerivedDataCache: Unable to find inner node Pak for hierarchical cache Hierarchy.
[2018.01.25-05.57.21:769][  0]LogDerivedDataCache: FDerivedDataBackendGraph:  CompressedPak pak cache file ../../../../sergey/UnrealProjects/TopDown/DerivedDataCache/Compressed.ddp not found, will not use a pak cache.
[2018.01.25-05.57.21:769][  0]LogDerivedDataCache: Unable to find inner node CompressedPak for hierarchical cache Hierarchy.
[2018.01.25-05.57.23:033][  0]LogDerivedDataCache:Display: Pak cache opened for reading ../../../Engine/DerivedDataCache/Compressed.ddp.
[2018.01.25-05.57.23:174][  0]LogDerivedDataCache: Using Local data cache path C:/Users/1/AppData/Local/UnrealEngine/Common/DerivedDataCache: Writable
[2018.01.25-05.57.39:803][  0]LogInit: Selected Device Profile: [Windows]
[2018.01.25-05.57.39:950][  0]LogContentStreaming: Texture pool size is 0.000000MB
[2018.01.25-05.57.40:986][  0]LogMeshUtilities: No automatic mesh reduction module available
[2018.01.25-05.57.40:986][  0]LogMeshUtilities: No automatic mesh merging module available
[2018.01.25-05.57.51:334][  0]LogInit: WinSock: version 1.1 (2.2), MaxSocks=32767, MaxUdp=65467
[2018.01.25-05.58.18:245][  0]UdpMessaging: Initializing bridge on interface 0.0.0.0:0 to multicast group 230.0.0.1:6666.
[2018.01.25-05.58.20:015][  0]LogAssetRegistry: FAssetRegistry took 0.0169 seconds to start up
[2018.01.25-05.58.28:914][  0]SourceControl: Info Source control is disabled
[2018.01.25-05.58.28:916][  0]SourceControl: Info Source control is disabled
[2018.01.25-05.58.28:990][  0]SourceControl: Info Source control is disabled
[2018.01.25-05.58.29:137][  0]SourceControl: Info Source control is disabled
[2018.01.25-05.58.31:324][  0]LogLinker:Warning: Asset '../../../Engine/Plugins/Runtime/LeapMotionController/Content/LM_PassthroughMaterial.uasset' has been saved with empty engine version. The asset will be loaded but may be incompatible.
[2018.01.25-05.58.32:049][  0]LogObj: 28361 objects as part of root set at end of initial load.
[2018.01.25-05.58.32:049][  0]LogUObjectAllocator: 6038872 out of 0 bytes used by permanent object pool.
[2018.01.25-05.58.33:115][  0]LogEngine: Initializing Engine...
[2018.01.25-05.58.33:134][  0]LogHMD: Can't find Oculus library dev build: is proper Runtime installed? Version: 0.7.0.0
[2018.01.25-05.58.33:321][  0]LogHMD: SteamVR failed to initialize.  Err: 110
[2018.01.25-05.58.34:912][  0]LogAIModule: Creating AISystem for world NewWorld
[2018.01.25-05.58.35:621][  0]LogInit: XAudio2 using 'Динамики (Realtek High Definition Audio)' : 2 channels at 44.1 kHz using 16 bits per sample (channel mask 0x3)
[2018.01.25-05.58.35:734][  0]LogInit: FAudioDevice initialized.
[2018.01.25-05.58.35:795][  0]LogDerivedDataCache: Saved boot cache 0.06s 41MB C:/Users/1/AppData/Local/UnrealEngine/4.9/DerivedDataCache/Boot.ddc.
[2018.01.25-05.58.35:803][  0]LogInit: Texture streaming: Enabled
[2018.01.25-05.58.35:911][  0]LogAnalytics: Creating configured Analytics provider AnalyticsET
[2018.01.25-05.58.35:912][  0]LogAnalytics: [UEEditor.Rocket.Release] APIServer = http://et2.epicgames.com/ET2/. AppVersion = 4.9.2-2707645+++depot+UE4-Releases+4.9
[2018.01.25-05.58.35:912][  0]LogAnalytics: [UEEditor.Rocket.Release] SetUserId fdb2de1848db1fa47a6f94acde81dca0|be1dc849c34248278283a980c6ca8968|82021297-a794-427f-b0e0-602fe21b1b06
[2018.01.25-05.58.35:912][  0]LogAnalytics: [UEEditor.Rocket.Release] AnalyticsET::StartSession
[2018.01.25-05.58.37:017][  0]LogInit: Transaction tracking system initialized
[2018.01.25-05.58.37:973][  0]BlueprintLog: New page: Editor Load
[2018.01.25-05.58.42:029][  0]LocalizationService: Info Localization service is disabled
[2018.01.25-05.58.42:844][  0]LogLinker:Warning: Can't find file '/Game/FirstPersonBP/FirstPersonOverview'
[2018.01.25-05.58.42:844][  0]LogLinker:Warning: Can't find file '/Game/FirstPersonBP/FirstPersonOverview'
[2018.01.25-05.58.42:857][  0]LogUObjectGlobals:Warning: Failed to find object 'Class /Game/FirstPersonBP/FirstPersonOverview.FirstPersonOverview_C'
[2018.01.25-05.58.43:342][  0]LogConsoleResponse:Display: 
[2018.01.25-05.58.48:780][  0]LogFileCache: Scanning file cache for directory 'D:/sergey/UnrealProjects/TopDown/Content/' took 0.11s
[2018.01.25-05.58.48:780][  0]LogCook:Display: Done creating registry. It took  0.00s.
[2018.01.25-05.58.51:523][  0]SourceControl: Info Source control is disabled
[2018.01.25-05.58.51:643][  0]Cmd: MAP LOAD FILE="../../../../sergey/UnrealProjects/TopDown/Content/TopDownBP/Maps/TopDownExampleMap.umap" TEMPLATE=0 SHOWPROGRESS=1 FEATURELEVEL=3
[2018.01.25-05.58.51:770][  0]LightingResults: New page: Lighting Build
[2018.01.25-05.58.52:135][  0]MapCheck: New page: Map Check
[2018.01.25-05.58.52:135][  0]LightingResults: New page: Lighting Build
[2018.01.25-05.58.52:600][  0]LogParticles: Destroying 0 GPU particle simulations for FXSystem 0x0000000025DF3CE0
[2018.01.25-05.58.52:925][  0]LogLinker:Warning: Asset '../../../../sergey/UnrealProjects/TopDown/Content/Mannequin/Animations/ThirdPerson_AnimBP.uasset' has been saved with empty engine version. The asset will be loaded but may be incompatible.
[2018.01.25-05.58.52:947][  0]LogLinker:Warning: Asset '../../../../sergey/UnrealProjects/TopDown/Content/Mannequin/Animations/ThirdPerson_Jump.uasset' has been saved with empty engine version. The asset will be loaded but may be incompatible.
[2018.01.25-05.58.53:029][  0]LogLinker:Warning: Asset '../../../../sergey/UnrealProjects/TopDown/Content/Mannequin/Animations/ThirdPersonJump_Loop.uasset' has been saved with empty engine version. The asset will be loaded but may be incompatible.
[2018.01.25-05.58.53:040][  0]LogLinker:Warning: Asset '../../../../sergey/UnrealProjects/TopDown/Content/Mannequin/Animations/ThirdPersonJump_Start.uasset' has been saved with empty engine version. The asset will be loaded but may be incompatible.
[2018.01.25-05.58.53:057][  0]LogLinker:Warning: Asset '../../../../sergey/UnrealProjects/TopDown/Content/Mannequin/Animations/ThirdPerson_IdleRun_2D.uasset' has been saved with empty engine version. The asset will be loaded but may be incompatible.
[2018.01.25-05.58.53:087][  0]LogLinker:Warning: Asset '../../../../sergey/UnrealProjects/TopDown/Content/Mannequin/Animations/ThirdPersonIdle.uasset' has been saved with empty engine version. The asset will be loaded but may be incompatible.
[2018.01.25-05.58.53:100][  0]LogLinker:Warning: Asset '../../../../sergey/UnrealProjects/TopDown/Content/Mannequin/Animations/ThirdPersonRun.uasset' has been saved with empty engine version. The asset will be loaded but may be incompatible.
[2018.01.25-05.58.53:112][  0]LogLinker:Warning: Asset '../../../../sergey/UnrealProjects/TopDown/Content/Mannequin/Animations/ThirdPersonWalk.uasset' has been saved with empty engine version. The asset will be loaded but may be incompatible.
[2018.01.25-05.58.57:128][  0]LogLinker:Warning: CreateExport: Failed to load Parent for Function /Game/TopDownBP/Blueprints/Inventory/Item/Items/Base_Items/Item_aid_base.Item_aid_base_C:UserConstructionScript; removing parent information, but keeping function
[2018.01.25-05.58.57:356][  0]LogLinker:Warning: CreateExport: Failed to load Parent for Function /Game/TopDownBP/Blueprints/Inventory/Item/Items/Base_Items/Item_Statue.Item_Statue_C:UserConstructionScript; removing parent information, but keeping function
[2018.01.25-05.58.57:923][  0]LogLinker:Warning: Can't find file '/Game/12123124'
[2018.01.25-05.58.57:923][  0]LogLinker:Warning: Can't find file for asset '/Game/12123124' while loading ../../../../sergey/UnrealProjects/TopDown/Content/TopDownBP/Maps/TopDownExampleMap.umap.
[2018.01.25-05.58.57:923][  0]LoadErrors:Error: Error /Game/TopDownBP/Maps/TopDownExampleMap : Can't find file for asset. /Game/12123124
[2018.01.25-05.58.58:725][  0]LogLinker:Warning: Can't find file '/Game/12123124'
[2018.01.25-05.58.58:726][  0]LogLinker:Warning: Can't find file for asset '/Game/12123124' while loading ../../../../sergey/UnrealProjects/TopDown/Content/TopDownBP/Maps/TopDownExampleMap.umap.
[2018.01.25-05.58.58:726][  0]LoadErrors:Error: Error /Game/TopDownBP/Maps/TopDownExampleMap : Can't find file for asset. /Game/12123124
[2018.01.25-05.58.58:732][  0]LogLinker:Warning: Can't find file '/Game/12123124'
[2018.01.25-05.58.58:732][  0]LogLinker:Warning: Can't find file for asset '/Game/12123124' while loading NULL.
[2018.01.25-05.58.58:732][  0]LogLinker:Warning: Can't find file '/Game/12123124'
[2018.01.25-05.58.58:732][  0]LogLinker:Warning: Can't find file for asset '/Game/12123124' while loading NULL.
[2018.01.25-05.59.00:160][  0]LogLinker:Warning: Can't find file '/Game/12123124'
[2018.01.25-05.59.00:160][  0]LoadErrors: Info Failed to load /Game/12123124.12123124 Referenced by StaticMeshComponent0
[2018.01.25-05.59.00:160][  0]LogLinker:Warning: Can't find file for asset '/Game/12123124' while loading NULL.
[2018.01.25-05.59.00:160][  0]LoadErrors: Info Failed to load /Game/12123124.12123124 Referenced by StaticMeshComponent0
[2018.01.25-05.59.09:510][  0]LogAIModule: Creating AISystem for world TopDownExampleMap
[2018.01.25-05.59.11:018][  0]LogEditorServer: Finished looking for orphan Actors (0.000 secs)
[2018.01.25-05.59.11:096][  0]Cmd: MAP CHECKDEP NOCLEARLOG
[2018.01.25-05.59.11:271][  0]MapCheck: Info Map check complete: 0 Error(s), 0 Warning(s), took 174.649ms to complete.
[2018.01.25-05.59.11:271][  0]LogFileHelpers: Loading map 'TopDownExampleMap' took 19.713
[2018.01.25-05.59.14:031][  0]LogCollectionManager: Loaded 0 collections in 0.015092 seconds
[2018.01.25-05.59.14:263][  0]LogFileCache: Scanning file cache for directory 'D:/sergey/UnrealProjects/TopDown/Saved/Collections/' took 0.01s
[2018.01.25-05.59.14:263][  0]LogFileCache: Scanning file cache for directory 'D:/sergey/UnrealProjects/TopDown/Content/Developers/1/Collections/' took 0.01s
[2018.01.25-05.59.14:263][  0]LogFileCache: Scanning file cache for directory 'D:/sergey/UnrealProjects/TopDown/Content/Collections/' took 0.01s
[2018.01.25-05.59.14:263][  0]LogContentBrowser: Native class hierarchy populated in 0.0357 seconds. Added 1868 classes and 335 folders.
[2018.01.25-05.59.14:499][  0]LogCollectionManager: Rebuilt the GUID cache for 0 collections in 0.000004 seconds
[2018.01.25-05.59.14:694][  0]LogContentBrowser: Native class hierarchy updated for 'WidgetCarousel' in 0.0005 seconds. Added 0 classes and 0 folders.
[2018.01.25-05.59.17:216][  0]LogContentBrowser: Native class hierarchy updated for 'AddContentDialog' in 0.0005 seconds. Added 0 classes and 0 folders.
[2018.01.25-05.59.18:198][  0]LogCrashTracker: Crashtracker disabled due to settings.
[2018.01.25-05.59.18:457][  0]LogUObjectGlobals:Warning: Failed to find object 'Class None.'
[2018.01.25-05.59.18:627][  0]LogLoad: Full Startup: 145.83 seconds (BP compile: 2.71 seconds)
[2018.01.25-05.59.19:566][  0]LogContentStreaming: Texture pool size now 200 MB
[2018.01.25-05.59.20:819][  0]LogRenderer: Reallocating scene render targets to support 636x340 (Frame:2).
[2018.01.25-05.59.25:646][ 11]LogAssetRegistry: Asset discovery search completed in 65.6415 seconds
[2018.01.25-05.59.25:646][ 11]LogCollectionManager: Rebuilt the object cache for 0 collections in 0.000001 seconds (found 0 objects)
[2018.01.25-05.59.25:646][ 11]LogCollectionManager: Fixed up redirectors for 0 collections in 0.000035 seconds (updated 0 objects)
[2018.01.25-06.23.29:161][889]LogRenderer: Reallocating scene render targets to support 640x352 (Frame:303).
[2018.01.25-06.31.54:653][753]Cmd: QUIT_EDITOR
[2018.01.25-06.31.55:653][753]LogExit: Preparing to exit.
[2018.01.25-06.31.57:738][753]LogExit: Editor shut down
[2018.01.25-06.31.57:738][753]LogExit: Transaction tracking system shut down
[2018.01.25-06.31.57:848][753]LogParticles: Destroying 0 GPU particle simulations for FXSystem 0x000000002D5C5940
[2018.01.25-06.32.02:258][753]LogParticles: Destroying 0 GPU particle simulations for FXSystem 0x0000000034F5C720
[2018.01.25-06.32.02:258][753]LogParticles: Destroying 0 GPU particle simulations for FXSystem 0x0000000034AEF100
[2018.01.25-06.32.02:258][753]LogParticles: Destroying 0 GPU particle simulations for FXSystem 0x000000003E7EFEC0
[2018.01.25-06.32.02:258][753]LogParticles: Destroying 0 GPU particle simulations for FXSystem 0x0000000034A16D40
[2018.01.25-06.32.02:258][753]LogExit: Object subsystem successfully closed.
[2018.01.25-06.32.07:603][753]LogD3D11RHI: Shutdown
[2018.01.25-06.32.07:603][753]LogD3D11RHI: CleanupD3DDevice
[2018.01.25-06.32.08:124][753]LogD3D11RHI: ~FD3D11DynamicRHI
[2018.01.25-06.32.09:773][753]LogModuleManager: Shutting down and abandoning module CrashTracker (197)
[2018.01.25-06.32.09:773][753]LogModuleManager: Shutting down and abandoning module SuperSearch (196)
[2018.01.25-06.32.09:773][753]LogModuleManager: Shutting down and abandoning module WidgetCarousel (195)
[2018.01.25-06.32.09:773][753]LogModuleManager: Shutting down and abandoning module AddContentDialog (194)
[2018.01.25-06.32.09:862][753]LogModuleManager: Shutting down and abandoning module EditorWidgets (193)
[2018.01.25-06.32.09:862][753]LogModuleManager: Shutting down and abandoning module CollectionManager (192)
[2018.01.25-06.32.09:924][753]LogModuleManager: Shutting down and abandoning module SceneOutliner (191)
[2018.01.25-06.32.09:924][753]LogModuleManager: Shutting down and abandoning module StatsViewer (190)
[2018.01.25-06.32.10:028][753]LogModuleManager: Shutting down and abandoning module FoliageEdit (189)
[2018.01.25-06.32.10:095][753]LogModuleManager: Shutting down and abandoning module LandscapeEditor (188)
[2018.01.25-06.32.10:569][753]LogModuleManager: Shutting down and abandoning module ActorPickerMode (187)
[2018.01.25-06.32.10:569][753]LogModuleManager: Shutting down and abandoning module GeometryMode (186)
[2018.01.25-06.32.10:569][753]LogModuleManager: Shutting down and abandoning module TextureAlignMode (185)
[2018.01.25-06.32.10:569][753]LogModuleManager: Shutting down and abandoning module BspMode (184)
[2018.01.25-06.32.10:569][753]LogModuleManager: Shutting down and abandoning module PlacementMode (183)
[2018.01.25-06.32.10:569][753]LogModuleManager: Shutting down and abandoning module AutomationWorker (182)
[2018.01.25-06.32.10:601][753]LogModuleManager: Shutting down and abandoning module CharacterAI (181)
[2018.01.25-06.32.10:601][753]LogModuleManager: Shutting down and abandoning module SmartSnapping (180)
[2018.01.25-06.32.10:601][753]LogModuleManager: Shutting down and abandoning module ViewportSnapping (179)
[2018.01.25-06.32.10:601][753]LogModuleManager: Shutting down and abandoning module LogVisualizer (178)
[2018.01.25-06.32.11:238][753]LogModuleManager: Shutting down and abandoning module GameProjectGeneration (177)
[2018.01.25-06.32.11:311][753]LogModuleManager: Shutting down and abandoning module IntroTutorials (176)
[2018.01.25-06.32.11:862][753]LogModuleManager: Shutting down and abandoning module EditorLiveStreaming (175)
[2018.01.25-06.32.11:862][753]LogModuleManager: Shutting down and abandoning module IOSPlatformEditor (174)
[2018.01.25-06.32.11:911][753]LogModuleManager: Shutting down and abandoning module HTML5PlatformEditor (173)
[2018.01.25-06.32.11:911][753]LogModuleManager: Shutting down and abandoning module AndroidDeviceDetection (172)
[2018.01.25-06.32.12:689][753]LogModuleManager: Shutting down and abandoning module AndroidPlatformEditor (171)
[2018.01.25-06.32.12:689][753]LogModuleManager: Shutting down and abandoning module IOSRuntimeSettings (170)
[2018.01.25-06.32.12:689][753]LogModuleManager: Shutting down and abandoning module AndroidRuntimeSettings (169)
[2018.01.25-06.32.12:689][753]LogModuleManager: Shutting down and abandoning module MergeActors (168)
[2018.01.25-06.32.12:749][753]LogModuleManager: Shutting down and abandoning module SizeMap (167)
[2018.01.25-06.32.12:749][753]LogModuleManager: Shutting down and abandoning module TreeMap (166)
[2018.01.25-06.32.12:805][753]LogModuleManager: Shutting down and abandoning module ReferenceViewer (165)
[2018.01.25-06.32.12:806][753]LogModuleManager: Shutting down and abandoning module LocalizationService (164)
[2018.01.25-06.32.12:834][753]LogModuleManager: Shutting down and abandoning module LocalizationDashboard (163)
[2018.01.25-06.32.13:116][753]LogModuleManager: Shutting down and abandoning module HardwareTargeting (162)
[2018.01.25-06.32.13:116][753]LogModuleManager: Shutting down and abandoning module DeviceProfileEditor (161)
[2018.01.25-06.32.13:116][753]LogModuleManager: Shutting down and abandoning module UndoHistory (160)
[2018.01.25-06.32.13:208][753]LogModuleManager: Shutting down and abandoning module GameplayTagsEditor (159)
[2018.01.25-06.32.13:208][753]LogModuleManager: Shutting down and abandoning module UserFeedback (158)
[2018.01.25-06.32.13:208][753]LogModuleManager: Shutting down and abandoning module XmlParser (157)
[2018.01.25-06.32.13:222][753]LogModuleManager: Shutting down and abandoning module Blutility (156)
[2018.01.25-06.32.13:222][753]LogModuleManager: Shutting down and abandoning module ProjectTargetPlatformEditor (155)
[2018.01.25-06.32.13:250][753]LogModuleManager: Shutting down and abandoning module ProjectSettingsViewer (154)
[2018.01.25-06.32.13:250][753]LogModuleManager: Shutting down and abandoning module InputBindingEditor (153)
[2018.01.25-06.32.13:276][753]LogModuleManager: Shutting down and abandoning module EditorSettingsViewer (152)
[2018.01.25-06.32.13:276][753]LogModuleManager: Shutting down and abandoning module SettingsEditor (151)
[2018.01.25-06.32.13:396][753]LogModuleManager: Shutting down and abandoning module ProjectLauncher (150)
[2018.01.25-06.32.13:536][753]LogModuleManager: Shutting down and abandoning module SessionFrontend (149)
[2018.01.25-06.32.13:562][753]LogModuleManager: Shutting down and abandoning module ProfilerClient (148)
[2018.01.25-06.32.13:592][753]LogModuleManager: Shutting down and abandoning module TargetDeviceServices (147)
[2018.01.25-06.32.13:592][753]LogModuleManager: Shutting down and abandoning module DeviceManager (146)
[2018.01.25-06.32.13:620][753]LogModuleManager: Shutting down and abandoning module AutomationController (145)
[2018.01.25-06.32.13:689][753]LogModuleManager: Shutting down and abandoning module AutomationWindow (144)
[2018.01.25-06.32.13:872][753]LogModuleManager: Shutting down and abandoning module Layers (143)
[2018.01.25-06.32.14:038][753]LogModuleManager: Shutting down and abandoning module ComponentVisualizers (142)
[2018.01.25-06.32.14:038][753]LogModuleManager: Shutting down and abandoning module DetailCustomizations (141)
[2018.01.25-06.32.14:223][753]LogModuleManager: Shutting down and abandoning module PackagesDialog (140)
[2018.01.25-06.32.14:317][753]LogModuleManager: Shutting down and abandoning module Persona (139)
[2018.01.25-06.32.14:410][753]LogModuleManager: Shutting down and abandoning module Kismet (138)
[2018.01.25-06.32.14:445][753]LogModuleManager: Shutting down and abandoning module GraphEditor (137)
[2018.01.25-06.32.14:541][753]LogModuleManager: Shutting down and abandoning module ClassViewer (136)
[2018.01.25-06.32.14:565][753]LogModuleManager: Shutting down and abandoning module Toolbox (135)
[2018.01.25-06.32.14:565][753]LogModuleManager: Shutting down and abandoning module ModuleUI (134)
[2018.01.25-06.32.14:580][753]LogModuleManager: Shutting down and abandoning module MovieSceneTools (133)
[2018.01.25-06.32.14:580][753]LogModuleManager: Shutting down and abandoning module OutputLog (132)
[2018.01.25-06.32.14:603][753]LogModuleManager: Shutting down and abandoning module GammaUI (131)
[2018.01.25-06.32.14:625][753]LogModuleManager: Shutting down and abandoning module Documentation (130)
[2018.01.25-06.32.14:655][753]LogModuleManager: Shutting down and abandoning module GameLiveStreaming (129)
[2018.01.25-06.32.14:672][753]LogModuleManager: Shutting down and abandoning module StreamingPauseRendering (128)
[2018.01.25-06.32.14:690][753]LogModuleManager: Shutting down and abandoning module AnalyticsET (127)
[2018.01.25-06.32.14:690][753]LogModuleManager: Shutting down and abandoning module Analytics (126)
[2018.01.25-06.32.14:690][753]LogModuleManager: Shutting down and abandoning module AITestSuite (125)
[2018.01.25-06.32.14:715][753]LogModuleManager: Shutting down and abandoning module GameplayDebugger (124)
[2018.01.25-06.32.14:715][753]LogModuleManager: Shutting down and abandoning module AIModule (123)
[2018.01.25-06.32.14:746][753]LogModuleManager: Shutting down and abandoning module ProfilerService (122)
[2018.01.25-06.32.14:924][753]LogModuleManager: Shutting down and abandoning module TaskGraph (121)
[2018.01.25-06.32.14:977][753]LogModuleManager: Shutting down and abandoning module SlateRemote (120)
[2018.01.25-06.32.14:999][753]LogModuleManager: Shutting down and abandoning module SteamVRController (119)
[2018.01.25-06.32.14:999][753]LogModuleManager: Shutting down and abandoning module SteamVR (118)
[2018.01.25-06.32.14:999][753]LogModuleManager: Shutting down and abandoning module ProceduralMeshComponent (117)
[2018.01.25-06.32.14:999][753]LogModuleManager: Shutting down and abandoning module OculusRift (116)
[2018.01.25-06.32.14:999][753]LogModuleManager: Shutting down and abandoning module OculusLibrary (115)
[2018.01.25-06.32.14:999][753]LogModuleManager: Shutting down and abandoning module LeapMotionController (114)
[2018.01.25-06.32.15:219][753]LogModuleManager: Shutting down and abandoning module CustomMeshComponent (113)
[2018.01.25-06.32.15:248][753]LogModuleManager: Shutting down and abandoning module CableComponent (112)
[2018.01.25-06.32.15:248][753]LogModuleManager: Shutting down and abandoning module ArchVisCharacter (111)
[2018.01.25-06.32.15:248][753]LogModuleManager: Shutting down and abandoning module MessagingDebugger (110)
[2018.01.25-06.32.15:380][753]LogModuleManager: Shutting down and abandoning module MediaPlayerEditor (109)
[2018.01.25-06.32.15:403][753]LogModuleManager: Shutting down and abandoning module HTML5Networking (108)
[2018.01.25-06.32.15:403][753]LogModuleManager: Shutting down and abandoning module SpeedTreeImporter (107)
[2018.01.25-06.32.15:403][753]LogModuleManager: Shutting down and abandoning module PluginBrowser (106)
[2018.01.25-06.32.15:423][753]LogModuleManager: Shutting down and abandoning module EpicSurvey (105)
[2018.01.25-06.32.15:423][753]LogModuleManager: Shutting down and abandoning module DesktopPlatform (104)
[2018.01.25-06.32.15:448][753]LogModuleManager: Shutting down and abandoning module VisualStudioSourceCodeAccess (103)
[2018.01.25-06.32.15:461][753]LogModuleManager: Shutting down and abandoning module UObjectPlugin (102)
[2018.01.25-06.32.15:461][753]LogModuleManager: Shutting down and abandoning module SubversionSourceControl (101)
[2018.01.25-06.32.15:487][753]LogModuleManager: Shutting down and abandoning module PerforceSourceControl (100)
[2018.01.25-06.32.15:503][753]LogModuleManager: Shutting down and abandoning module SourceControl (99)
[2018.01.25-06.32.15:516][753]LogModuleManager: Shutting down and abandoning module GitSourceControl (98)
[2018.01.25-06.32.15:525][753]LogModuleManager: Shutting down and abandoning module LightPropagationVolumeEditor (97)
[2018.01.25-06.32.15:525][753]LogModuleManager: Shutting down and abandoning module PaperTiledImporter (96)
[2018.01.25-06.32.15:534][753]LogModuleManager: Shutting down and abandoning module PaperSpriteSheetImporter (95)
[2018.01.25-06.32.15:540][753]LogModuleManager: Shutting down and abandoning module MeshPaint (94)
[2018.01.25-06.32.15:557][753]LogModuleManager: Shutting down and abandoning module SlateReflector (93)
[2018.01.25-06.32.15:563][753]LogModuleManager: Shutting down and abandoning module HotReload (92)
[2018.01.25-06.32.15:577][753]LogModuleManager: Shutting down and abandoning module MainFrame (91)
[2018.01.25-06.32.15:577][753]LogModuleManager: Shutting down and abandoning module LevelEditor (90)
[2018.01.25-06.32.15:594][753]LogModuleManager: Shutting down and abandoning module DirectoryWatcher (89)
[2018.01.25-06.32.15:595][753]LogModuleManager: Shutting down and abandoning module AssetRegistry (88)
[2018.01.25-06.32.15:665][753]LogModuleManager: Shutting down and abandoning module ContentBrowser (87)
[2018.01.25-06.32.15:666][753]LogModuleManager: Shutting down and abandoning module Paper2DEditor (86)
[2018.01.25-06.32.15:716][753]LogModuleManager: Shutting down and abandoning module UdpMessaging (85)
[2018.01.25-06.32.15:816][753]LogModuleManager: Shutting down and abandoning module LightPropagationVolumeRuntime (84)
[2018.01.25-06.32.15:816][753]LogModuleManager: Shutting down and abandoning module Paper2D (83)
[2018.01.25-06.32.15:845][753]LogModuleManager: Shutting down and abandoning module WindowsMoviePlayer (82)
[2018.01.25-06.32.15:877][753]LogModuleManager: Shutting down and abandoning module Media (81)
[2018.01.25-06.32.15:878][753]LogModuleManager: Shutting down and abandoning module WmfMedia (80)
[2018.01.25-06.32.15:941][753]LogModuleManager: Shutting down and abandoning module OnlineBlueprintSupport (79)
[2018.01.25-06.32.15:941][753]LogModuleManager: Shutting down and abandoning module GameplayTasksEditor (78)
[2018.01.25-06.32.15:941][753]LogModuleManager: Shutting down and abandoning module PropertyEditor (77)
[2018.01.25-06.32.15:967][753]LogModuleManager: Shutting down and abandoning module BehaviorTreeEditor (76)
[2018.01.25-06.32.16:067][753]LogModuleManager: Shutting down and abandoning module FunctionalTesting (75)
[2018.01.25-06.32.16:067][753]LogModuleManager: Shutting down and abandoning module CollisionAnalyzer (74)
[2018.01.25-06.32.16:147][753]LogModuleManager: Shutting down and abandoning module WorkspaceMenuStructure (73)
[2018.01.25-06.32.16:147][753]LogModuleManager: Shutting down and abandoning module MessageLog (72)
[2018.01.25-06.32.16:147][753]LogModuleManager: Shutting down and abandoning module Sequencer (71)
[2018.01.25-06.32.16:234][753]LogModuleManager: Shutting down and abandoning module AssetTools (70)
[2018.01.25-06.32.16:481][753]LogModuleManager: Shutting down and abandoning module UMGEditor (69)
[2018.01.25-06.32.16:592][753]LogModuleManager: Shutting down and abandoning module UMG (68)
[2018.01.25-06.32.16:639][753]LogModuleManager: Shutting down and abandoning module Slate (67)
[2018.01.25-06.32.16:639][753]LogModuleManager: Shutting down and abandoning module EditorStyle (66)
[2018.01.25-06.32.16:641][753]LogModuleManager: Shutting down and abandoning module SessionServices (65)
[2018.01.25-06.32.16:641][753]LogModuleManager: Shutting down and abandoning module SourceCodeAccess (64)
[2018.01.25-06.32.16:641][753]LogModuleManager: Shutting down and abandoning module HeadMountedDisplay (63)
[2018.01.25-06.32.16:641][753]LogModuleManager: Shutting down and abandoning module XAudio2 (62)
[2018.01.25-06.32.16:641][753]LogModuleManager: Shutting down and abandoning module Networking (60)
[2018.01.25-06.32.16:641][753]LogModuleManager: Shutting down and abandoning module Core (59)
[2018.01.25-06.32.16:641][753]LogModuleManager: Shutting down and abandoning module KismetCompiler (58)
[2018.01.25-06.32.16:641][753]LogModuleManager: Shutting down and abandoning module PhysXFormats (57)
[2018.01.25-06.32.16:735][753]LogModuleManager: Shutting down and abandoning module MeshUtilities (56)
[2018.01.25-06.32.16:982][753]LogModuleManager: Shutting down and abandoning module CookingStats (55)
[2018.01.25-06.32.16:982][753]LogModuleManager: Shutting down and abandoning module DerivedDataCache (54)
[2018.01.25-06.32.17:103][753]LogDerivedDataCache: Shutdown
[2018.01.25-06.32.17:104][753]LogModuleManager: Shutting down and abandoning module ShaderFormatOpenGL (53)
[2018.01.25-06.32.17:373][753]LogModuleManager: Shutting down and abandoning module ShaderFormatD3D (52)
[2018.01.25-06.32.17:641][753]LogModuleManager: Shutting down and abandoning module MetalShaderFormat (51)
[2018.01.25-06.32.17:680][753]LogModuleManager: Shutting down and abandoning module TextureFormatUncompressed (50)
[2018.01.25-06.32.17:680][753]LogModuleManager: Shutting down and abandoning module TextureFormatPVR (49)
[2018.01.25-06.32.17:725][753]LogModuleManager: Shutting down and abandoning module TextureFormatIntelISPCTexComp (48)
[2018.01.25-06.32.17:783][753]LogModuleManager: Shutting down and abandoning module TextureFormatDXT (47)
[2018.01.25-06.32.17:822][753]LogModuleManager: Shutting down and abandoning module ImageWrapper (46)
[2018.01.25-06.32.17:822][753]LogModuleManager: Shutting down and abandoning module TextureFormatASTC (45)
[2018.01.25-06.32.17:822][753]LogModuleManager: Shutting down and abandoning module TextureFormatAndroid (44)
[2018.01.25-06.32.17:822][753]LogModuleManager: Shutting down and abandoning module AudioFormatOpus (43)
[2018.01.25-06.32.17:884][753]LogModuleManager: Shutting down and abandoning module AudioFormatOgg (42)
[2018.01.25-06.32.17:912][753]LogModuleManager: Shutting down and abandoning module AudioFormatADPCM (41)
[2018.01.25-06.32.17:934][753]LogModuleManager: Shutting down and abandoning module LinuxTargetPlatform (40)
[2018.01.25-06.32.17:935][753]LogModuleManager: Shutting down and abandoning module LinuxServerTargetPlatform (39)
[2018.01.25-06.32.17:959][753]LogModuleManager: Shutting down and abandoning module LinuxNoEditorTargetPlatform (38)
[2018.01.25-06.32.17:977][753]LogModuleManager: Shutting down and abandoning module Messaging (37)
[2018.01.25-06.32.17:977][753]LogModuleManager: Shutting down and abandoning module IOSTargetPlatform (36)
[2018.01.25-06.32.17:977][753]LogModuleManager: Shutting down and abandoning module HTML5TargetPlatform (35)
[2018.01.25-06.32.17:977][753]LogModuleManager: Shutting down and abandoning module Android_PVRTCTargetPlatform (34)
[2018.01.25-06.32.17:999][753]LogModuleManager: Shutting down and abandoning module Android_ETC2TargetPlatform (33)
[2018.01.25-06.32.18:030][753]LogModuleManager: Shutting down and abandoning module Android_ETC1TargetPlatform (32)
[2018.01.25-06.32.18:191][753]LogModuleManager: Shutting down and abandoning module Android_DXTTargetPlatform (31)
[2018.01.25-06.32.18:220][753]LogModuleManager: Shutting down and abandoning module Android_ATCTargetPlatform (30)
[2018.01.25-06.32.18:262][753]LogModuleManager: Shutting down and abandoning module Android_ASTCTargetPlatform (29)
[2018.01.25-06.32.18:301][753]LogModuleManager: Shutting down and abandoning module AndroidTargetPlatform (28)
[2018.01.25-06.32.18:337][753]LogModuleManager: Shutting down and abandoning module WindowsTargetPlatform (27)
[2018.01.25-06.32.18:337][753]LogModuleManager: Shutting down and abandoning module WindowsServerTargetPlatform (26)
[2018.01.25-06.32.18:434][753]LogModuleManager: Shutting down and abandoning module WindowsNoEditorTargetPlatform (25)
[2018.01.25-06.32.18:463][753]LogModuleManager: Shutting down and abandoning module WindowsClientTargetPlatform (24)
[2018.01.25-06.32.18:489][753]LogModuleManager: Shutting down and abandoning module AllDesktopTargetPlatform (23)
[2018.01.25-06.32.18:600][753]LogModuleManager: Shutting down and abandoning module TargetPlatform (22)
[2018.01.25-06.32.18:600][753]LogModuleManager: Shutting down and abandoning module InputCore (21)
[2018.01.25-06.32.18:600][753]LogModuleManager: Shutting down and abandoning module Settings (20)
[2018.01.25-06.32.18:600][753]LogModuleManager: Shutting down and abandoning module OnlineSubsystem (18)
[2018.01.25-06.32.18:600][753]LogModuleManager: Shutting down and abandoning module HTTP (17)
[2018.01.25-06.32.21:240][753]LogModuleManager: Shutting down and abandoning module XMPP (16)
[2018.01.25-06.32.22:505][753]LogModuleManager: Shutting down and abandoning module ExampleDeviceProfileSelector (15)
[2018.01.25-06.32.22:505][753]LogModuleManager: Shutting down and abandoning module TextureCompressor (14)
[2018.01.25-06.32.22:846][753]LogModuleManager: Shutting down and abandoning module ShaderCore (13)
[2018.01.25-06.32.22:846][753]LogModuleManager: Shutting down and abandoning module Landscape (12)
[2018.01.25-06.32.22:846][753]LogModuleManager: Shutting down and abandoning module SlateRHIRenderer (11)
[2018.01.25-06.32.22:986][753]LogModuleManager: Shutting down and abandoning module OpenGLDrv (10)
[2018.01.25-06.32.23:047][753]LogModuleManager: Shutting down and abandoning module D3D11RHI (9)
[2018.01.25-06.32.23:047][753]LogModuleManager: Shutting down and abandoning module AnimGraphRuntime (8)
[2018.01.25-06.32.23:070][753]LogModuleManager: Shutting down and abandoning module Renderer (7)
[2018.01.25-06.32.23:070][753]LogModuleManager: Shutting down and abandoning module Engine (6)
[2018.01.25-06.32.23:070][753]LogModuleManager: Shutting down and abandoning module CoreUObject (5)
[2018.01.25-06.32.23:070][753]LogModuleManager: Shutting down and abandoning module NetworkFile (4)
[2018.01.25-06.32.23:101][753]LogModuleManager: Shutting down and abandoning module StreamingFile (3)
[2018.01.25-06.32.23:101][753]LogModuleManager: Shutting down and abandoning module SandboxFile (2)
[2018.01.25-06.32.23:125][753]LogModuleManager: Shutting down and abandoning module PakFile (1)
[2018.01.25-06.32.23:382][753]LogExit: Exiting.
[2018.01.25-06.32.23:430][753]Log file closed, 01/25/18 14:32:23
